Using pre-set license
Built from '2020.3/staging' branch; Version is '2020.3.38f1 (8f5fde82e2dc) revision 9396190'; Using compiler version '192528614'; Build Type 'Release'
OS: 'Windows 10  (10.0.18363) 64bit Professional' Language: 'ru' Physical Memory: 16299 MB
BatchMode: 1, IsHumanControllingUs: 0, StartBugReporterOnCrash: 0, Is64bit: 1, IsPro: 0

COMMAND LINE ARGUMENTS:
D:\Unity\2020.3.38f1\Editor\Unity.exe
-adb2
-batchMode
-noUpm
-name
AssetImportWorker0
-projectPath
D:/Загрузки/SW(основа)/Sky-World-backup/SkyWorld-dev
-logFile
Logs/AssetImportWorker0.log
-srvPort
64610
Successfully changed project path to: D:/Загрузки/SW(основа)/Sky-World-backup/SkyWorld-dev
D:/Загрузки/SW(основа)/Sky-World-backup/SkyWorld-dev
Using Asset Import Pipeline V2.
Refreshing native plugins compatible for Editor in 55.84 ms, found 3 plugins.
Preloading 0 native plugins for Editor in 0.00 ms.
Initialize engine version: 2020.3.38f1 (8f5fde82e2dc)
[Subsystems] Discovering subsystems at path D:/Unity/2020.3.38f1/Editor/Data/Resources/UnitySubsystems
[Subsystems] Discovering subsystems at path D:/Загрузки/SW(основа)/Sky-World-backup/SkyWorld-dev/Assets
GfxDevice: creating device client; threaded=0
Direct3D:
    Version:  Direct3D 11.0 [level 11.1]
    Renderer: Radeon RX 580 Series (ID=0x67df)
    Vendor:   
    VRAM:     8170 MB
    Driver:   31.0.12029.1042
Initialize mono
Mono path[0] = 'D:/Unity/2020.3.38f1/Editor/Data/Managed'
Mono path[1] = 'D:/Unity/2020.3.38f1/Editor/Data/MonoBleedingEdge/lib/mono/unityjit'
Mono config path = 'D:/Unity/2020.3.38f1/Editor/Data/MonoBleedingEdge/etc'
Using monoOptions --debugger-agent=transport=dt_socket,embedding=1,server=y,suspend=n,address=127.0.0.1:56804
Begin MonoManager ReloadAssembly
Registering precompiled unity dll's ...
Register platform support module: D:/Unity/2020.3.38f1/Editor/Data/PlaybackEngines/WebGLSupport/UnityEditor.WebGL.Extensions.dll
Register platform support module: D:/Unity/2020.3.38f1/Editor/Data/PlaybackEngines/WindowsStandaloneSupport/UnityEditor.WindowsStandalone.Extensions.dll
Registered in 0.001251 seconds.
Native extension for WindowsStandalone target not found
Native extension for WebGL target not found
Refreshing native plugins compatible for Editor in 55.62 ms, found 3 plugins.
Preloading 0 native plugins for Editor in 0.00 ms.
Mono: successfully reloaded assembly
- Completed reload, in  0.567 seconds
Domain Reload Profiling:
	ReloadAssembly (567ms)
		BeginReloadAssembly (69ms)
			ExecutionOrderSort (0ms)
			DisableScriptedObjects (0ms)
			BackupInstance (0ms)
			ReleaseScriptingObjects (0ms)
			CreateAndSetChildDomain (1ms)
		EndReloadAssembly (435ms)
			LoadAssemblies (70ms)
			RebuildTransferFunctionScriptingTraits (0ms)
			SetupTypeCache (143ms)
			ReleaseScriptCaches (0ms)
			RebuildScriptCaches (28ms)
			SetupLoadedEditorAssemblies (169ms)
				LogAssemblyErrors (0ms)
				InitializePlatformSupportModulesInManaged (4ms)
				SetLoadedEditorAssemblies (0ms)
				RefreshPlugins (56ms)
				BeforeProcessingInitializeOnLoad (8ms)
				ProcessInitializeOnLoadAttributes (75ms)
				ProcessInitializeOnLoadMethodAttributes (25ms)
				AfterProcessingInitializeOnLoad (0ms)
				EditorAssembliesLoaded (0ms)
			ExecutionOrderSort2 (0ms)
			AwakeInstancesAfterBackupRestoration (0ms)
Platform modules already initialized, skipping
Registering precompiled user dll's ...
Registered in 0.004728 seconds.
Begin MonoManager ReloadAssembly
Native extension for WindowsStandalone target not found
Native extension for WebGL target not found
Refreshing native plugins compatible for Editor in 54.18 ms, found 3 plugins.
Preloading 0 native plugins for Editor in 0.00 ms.
Mono: successfully reloaded assembly
- Completed reload, in  1.077 seconds
Domain Reload Profiling:
	ReloadAssembly (1078ms)
		BeginReloadAssembly (152ms)
			ExecutionOrderSort (0ms)
			DisableScriptedObjects (4ms)
			BackupInstance (0ms)
			ReleaseScriptingObjects (0ms)
			CreateAndSetChildDomain (18ms)
		EndReloadAssembly (873ms)
			LoadAssemblies (112ms)
			RebuildTransferFunctionScriptingTraits (0ms)
			SetupTypeCache (320ms)
			ReleaseScriptCaches (0ms)
			RebuildScriptCaches (50ms)
			SetupLoadedEditorAssemblies (312ms)
				LogAssemblyErrors (0ms)
				InitializePlatformSupportModulesInManaged (4ms)
				SetLoadedEditorAssemblies (0ms)
				RefreshPlugins (54ms)
				BeforeProcessingInitializeOnLoad (56ms)
				ProcessInitializeOnLoadAttributes (175ms)
				ProcessInitializeOnLoadMethodAttributes (20ms)
				AfterProcessingInitializeOnLoad (2ms)
				EditorAssembliesLoaded (0ms)
			ExecutionOrderSort2 (0ms)
			AwakeInstancesAfterBackupRestoration (2ms)
Platform modules already initialized, skipping
========================================================================
Worker process is ready to serve import requests
Launched and connected shader compiler UnityShaderCompiler.exe after 0.04 seconds
Refreshing native plugins compatible for Editor in 0.51 ms, found 3 plugins.
Preloading 0 native plugins for Editor in 0.00 ms.
Unloading 2792 Unused Serialized files (Serialized files now loaded: 0)
System memory in use before: 113.6 MB.
System memory in use after: 113.8 MB.

Unloading 30 unused Assets to reduce memory usage. Loaded Objects now: 3227.
Total: 2.862500 ms (FindLiveObjects: 0.194700 ms CreateObjectMapping: 0.123300 ms MarkObjects: 2.478500 ms  DeleteObjects: 0.065300 ms)

AssetImportParameters requested are different than current active one (requested -> active):
  custom:framework-win-MediaFoundation: 216162199b28c13a410421893ffa2e32 -> 
  custom:video-decoder-ogg-theora: a1e56fd34408186e4bbccfd4996cb3dc -> 
  custom:container-muxer-webm: aa71ff27fc2769a1b78a27578f13a17b -> 
  custom:container-demuxer-webm: 4f35f7cbe854078d1ac9338744f61a02 -> 
  custom:container-demuxer-ogg: 62fdf1f143b41e24485cea50d1cbac27 -> 
  custom:video-encoder-webm-vp8: eb34c28f22e8b96e1ab97ce403110664 -> 
  custom:video-decoder-webm-vp8: 9c59270c3fd7afecdb556c50c9e8de78 -> 
  custom:audio-decoder-ogg-vorbis: bf7c407c2cedff20999df2af8eb42d56 -> 
  custom:audio-encoder-webm-vorbis: bf7c407c2cedff20999df2af8eb42d56 -> 
========================================================================
Received Import Request.
  path: Assets/Resources/Enemies/Cactus/Cactus_type01.prefab
  artifactKey: Guid(a20df685e8449684e8529fef8e692f6e) Importer(815301076,1909f56bfc062723c751e8b465ee728b)
Start importing Assets/Resources/Enemies/Cactus/Cactus_type01.prefab using Guid(a20df685e8449684e8529fef8e692f6e) Importer(815301076,1909f56bfc062723c751e8b465ee728b)  -> (artifact id: 'a89275dcd3a5d0f4b3dd64ece9740846') in 0.151164 seconds 
========================================================================
Received Import Request.
  Time since last request: 2.799355 seconds.
  path: Assets/Resources/Enemies/Cactus/Cactus_type02.prefab
  artifactKey: Guid(030127a1e3d38024086e3a0e9fe14aa4) Importer(815301076,1909f56bfc062723c751e8b465ee728b)
Start importing Assets/Resources/Enemies/Cactus/Cactus_type02.prefab using Guid(030127a1e3d38024086e3a0e9fe14aa4) Importer(815301076,1909f56bfc062723c751e8b465ee728b)  -> (artifact id: '85292cf36235c39fa2b802a718b91d3f') in 0.016994 seconds 
========================================================================
Received Import Request.
  Time since last request: 197.242400 seconds.
  path: Assets/Scenes/DevScene/Resources/PlayerResources
  artifactKey: Guid(7ccb2d2fb24e56f49b99a23c785205ff) Importer(815301076,1909f56bfc062723c751e8b465ee728b)
Start importing Assets/Scenes/DevScene/Resources/PlayerResources using Guid(7ccb2d2fb24e56f49b99a23c785205ff) Importer(815301076,1909f56bfc062723c751e8b465ee728b)  -> (artifact id: '5843bf22468bde2115176402a203bffd') in 0.020813 seconds 
========================================================================
Received Import Request.
  Time since last request: 42.873499 seconds.
  path: Assets/Resources/Enemies/Cactus_hard_01.asset
  artifactKey: Guid(e8cd2b8640e9cfb43b7888ab87e48365) Importer(815301076,1909f56bfc062723c751e8b465ee728b)
Start importing Assets/Resources/Enemies/Cactus_hard_01.asset using Guid(e8cd2b8640e9cfb43b7888ab87e48365) Importer(815301076,1909f56bfc062723c751e8b465ee728b)  -> (artifact id: 'b282a5b04ce1558ef6570623e70d7249') in 0.007965 seconds 
========================================================================
Received Import Request.
  Time since last request: 0.000271 seconds.
  path: Assets/Resources/Enemies/Cactus_medium_01.asset
  artifactKey: Guid(642dda181fd9dd748907299d118cf8a2) Importer(815301076,1909f56bfc062723c751e8b465ee728b)
Start importing Assets/Resources/Enemies/Cactus_medium_01.asset using Guid(642dda181fd9dd748907299d118cf8a2) Importer(815301076,1909f56bfc062723c751e8b465ee728b)  -> (artifact id: '4186403c25660f6bc5765d835d39022c') in 0.006396 seconds 
========================================================================
Received Import Request.
  Time since last request: 0.000225 seconds.
  path: Assets/Resources/Enemies/CactusParametres.asset
  artifactKey: Guid(e2e58a8350b241445a842eb47c7f7fef) Importer(815301076,1909f56bfc062723c751e8b465ee728b)
Start importing Assets/Resources/Enemies/CactusParametres.asset using Guid(e2e58a8350b241445a842eb47c7f7fef) Importer(815301076,1909f56bfc062723c751e8b465ee728b)  -> (artifact id: 'b2bd744432ed2355ce8e6cd781dc5ee9') in 0.006941 seconds 
========================================================================
Received Import Request.
  Time since last request: 0.000222 seconds.
  path: Assets/Resources/Enemies/Cactus_light_01.asset
  artifactKey: Guid(fe597364e20c0de4ea71e6c4667f0591) Importer(815301076,1909f56bfc062723c751e8b465ee728b)
Start importing Assets/Resources/Enemies/Cactus_light_01.asset using Guid(fe597364e20c0de4ea71e6c4667f0591) Importer(815301076,1909f56bfc062723c751e8b465ee728b)  -> (artifact id: 'e3d7e96b10229d8b3240e0ad6271e522') in 0.006290 seconds 
========================================================================
Received Import Request.
  Time since last request: 79.502027 seconds.
  path: Assets/Scripts/Environment
  artifactKey: Guid(4c23a23340a9d914c97ca8ae5eb6a17c) Importer(815301076,1909f56bfc062723c751e8b465ee728b)
Start importing Assets/Scripts/Environment using Guid(4c23a23340a9d914c97ca8ae5eb6a17c) Importer(815301076,1909f56bfc062723c751e8b465ee728b)  -> (artifact id: 'ec3ef69dafbc11a377774d6410399293') in 0.006066 seconds 
========================================================================
Received Import Request.
  Time since last request: 4.564610 seconds.
  path: Assets/Scripts/Environment/Enemies
  artifactKey: Guid(4dcb29e31fbcbdd4798b008f4f3979ad) Importer(815301076,1909f56bfc062723c751e8b465ee728b)
Start importing Assets/Scripts/Environment/Enemies using Guid(4dcb29e31fbcbdd4798b008f4f3979ad) Importer(815301076,1909f56bfc062723c751e8b465ee728b)  -> (artifact id: '929d5045d4896ff775c380bd019f3d20') in 0.006452 seconds 
========================================================================
Received Import Request.
  Time since last request: 92.513981 seconds.
  path: Assets/Scripts/Environment/Enemies/CactusParametres.cs
  artifactKey: Guid(c05a0b6c0f9e1be4eae970719b1da9a5) Importer(815301076,1909f56bfc062723c751e8b465ee728b)
Start importing Assets/Scripts/Environment/Enemies/CactusParametres.cs using Guid(c05a0b6c0f9e1be4eae970719b1da9a5) Importer(815301076,1909f56bfc062723c751e8b465ee728b)  -> (artifact id: '5fe3c00edfeb504a910b1b9c7e6f41ab') in 0.021255 seconds 
========================================================================
Received Import Request.
  Time since last request: 19.685132 seconds.
  path: Assets/Scripts/Environment/Enemies/PermanentDamage
  artifactKey: Guid(958b35b4f11678947a4c7f2860da9fbe) Importer(815301076,1909f56bfc062723c751e8b465ee728b)
Start importing Assets/Scripts/Environment/Enemies/PermanentDamage using Guid(958b35b4f11678947a4c7f2860da9fbe) Importer(815301076,1909f56bfc062723c751e8b465ee728b)  -> (artifact id: '7a9c7f10760aa66a6f300b16b6bde95b') in 0.007018 seconds 
========================================================================
Received Import Request.
  Time since last request: 3.976306 seconds.
  path: Assets/Scripts/Environment/Enemies/Cactus
  artifactKey: Guid(b498fe3ba0b1bcd44a177ddc00063ab7) Importer(815301076,1909f56bfc062723c751e8b465ee728b)
Start importing Assets/Scripts/Environment/Enemies/Cactus using Guid(b498fe3ba0b1bcd44a177ddc00063ab7) Importer(815301076,1909f56bfc062723c751e8b465ee728b)  -> (artifact id: 'c1e3951984de392b9147b8168cf04c5a') in 0.014830 seconds 
========================================================================
Received Import Request.
  Time since last request: 1.415570 seconds.
  path: Assets/Scripts/Environment/Enemies/Cactus/CactusParametres.cs
  artifactKey: Guid(70b7b0fc34a68c142b7a86af68a328bb) Importer(815301076,1909f56bfc062723c751e8b465ee728b)
Start importing Assets/Scripts/Environment/Enemies/Cactus/CactusParametres.cs using Guid(70b7b0fc34a68c142b7a86af68a328bb) Importer(815301076,1909f56bfc062723c751e8b465ee728b)  -> (artifact id: '97a212d9739fb51e7c3bdaf559acd7a3') in 0.002135 seconds 
========================================================================
Received Prepare
Registering precompiled user dll's ...
Registered in 0.004746 seconds.
Begin MonoManager ReloadAssembly
Native extension for WindowsStandalone target not found
Native extension for WebGL target not found
Refreshing native plugins compatible for Editor in 0.53 ms, found 3 plugins.
Preloading 0 native plugins for Editor in 0.00 ms.
Mono: successfully reloaded assembly
- Completed reload, in  0.945 seconds
Domain Reload Profiling:
	ReloadAssembly (945ms)
		BeginReloadAssembly (126ms)
			ExecutionOrderSort (0ms)
			DisableScriptedObjects (5ms)
			BackupInstance (0ms)
			ReleaseScriptingObjects (0ms)
			CreateAndSetChildDomain (38ms)
		EndReloadAssembly (768ms)
			LoadAssemblies (111ms)
			RebuildTransferFunctionScriptingTraits (0ms)
			SetupTypeCache (307ms)
			ReleaseScriptCaches (1ms)
			RebuildScriptCaches (40ms)
			SetupLoadedEditorAssemblies (242ms)
				LogAssemblyErrors (0ms)
				InitializePlatformSupportModulesInManaged (4ms)
				SetLoadedEditorAssemblies (0ms)
				RefreshPlugins (1ms)
				BeforeProcessingInitializeOnLoad (50ms)
				ProcessInitializeOnLoadAttributes (171ms)
				ProcessInitializeOnLoadMethodAttributes (14ms)
				AfterProcessingInitializeOnLoad (2ms)
				EditorAssembliesLoaded (0ms)
			ExecutionOrderSort2 (0ms)
			AwakeInstancesAfterBackupRestoration (4ms)
Platform modules already initialized, skipping
Switching build target platform(19) subTarget(0) extendedPlatform(0) -> platform(13) subTarget(537395200) extendedPlatform(0)
Refreshing native plugins compatible for Editor in 0.54 ms, found 3 plugins.
Preloading 0 native plugins for Editor in 0.00 ms.
Unloading 2783 Unused Serialized files (Serialized files now loaded: 0)
System memory in use before: 115.7 MB.
System memory in use after: 115.9 MB.

Unloading 19 unused Assets to reduce memory usage. Loaded Objects now: 3238.
Total: 2.676100 ms (FindLiveObjects: 0.196200 ms CreateObjectMapping: 0.116800 ms MarkObjects: 2.342700 ms  DeleteObjects: 0.019800 ms)

AssetImportParameters requested are different than current active one (requested -> active):
  custom:framework-win-MediaFoundation: 216162199b28c13a410421893ffa2e32 -> 
  custom:video-decoder-ogg-theora: a1e56fd34408186e4bbccfd4996cb3dc -> 
  custom:container-muxer-webm: aa71ff27fc2769a1b78a27578f13a17b -> 
  custom:container-demuxer-webm: 4f35f7cbe854078d1ac9338744f61a02 -> 
  custom:container-demuxer-ogg: 62fdf1f143b41e24485cea50d1cbac27 -> 
  custom:video-encoder-webm-vp8: eb34c28f22e8b96e1ab97ce403110664 -> 
  custom:video-decoder-webm-vp8: 9c59270c3fd7afecdb556c50c9e8de78 -> 
  custom:graphics/normal-map-encoding: 01000000000000000000000000000000 -> 02000000000000000000000000000000
  custom:audio-decoder-ogg-vorbis: bf7c407c2cedff20999df2af8eb42d56 -> 
  custom:audio-encoder-webm-vorbis: bf7c407c2cedff20999df2af8eb42d56 -> 
========================================================================
Received Import Request.
  Time since last request: 68.245803 seconds.
  path: Assets/Resources/CameraParameters.asset
  artifactKey: Guid(0db21f475469aed468c9243f4d73e24f) Importer(815301076,1909f56bfc062723c751e8b465ee728b)
Start importing Assets/Resources/CameraParameters.asset using Guid(0db21f475469aed468c9243f4d73e24f) Importer(815301076,1909f56bfc062723c751e8b465ee728b)  -> (artifact id: 'eb6abef46e6229c3d81ad9ec7974d502') in 0.013719 seconds 
========================================================================
Received Import Request.
  Time since last request: 0.000236 seconds.
  path: Assets/Resources/WorldParameters.asset
  artifactKey: Guid(087dbbd1216b7a0428695a6762d09628) Importer(815301076,1909f56bfc062723c751e8b465ee728b)
Start importing Assets/Resources/WorldParameters.asset using Guid(087dbbd1216b7a0428695a6762d09628) Importer(815301076,1909f56bfc062723c751e8b465ee728b)  -> (artifact id: '91a5ea7ce20c681c70d7d542f72d0159') in 0.006705 seconds 
========================================================================
Received Import Request.
  Time since last request: 0.000275 seconds.
  path: Assets/Resources/PlayerParameters.asset
  artifactKey: Guid(08c789dbe3ae5db4cb4803d8d013b562) Importer(815301076,1909f56bfc062723c751e8b465ee728b)
Start importing Assets/Resources/PlayerParameters.asset using Guid(08c789dbe3ae5db4cb4803d8d013b562) Importer(815301076,1909f56bfc062723c751e8b465ee728b)  -> (artifact id: 'abef1f254f8ace6b7ad89e62d9b52ae4') in 0.006447 seconds 
========================================================================
Received Import Request.
  Time since last request: 0.000186 seconds.
  path: Assets/Resources/FuelParameters.asset
  artifactKey: Guid(fe813e8afd227664a9db220657f7aa3f) Importer(815301076,1909f56bfc062723c751e8b465ee728b)
Start importing Assets/Resources/FuelParameters.asset using Guid(fe813e8afd227664a9db220657f7aa3f) Importer(815301076,1909f56bfc062723c751e8b465ee728b)  -> (artifact id: '5ff27ab0ce23355ac62250755a0c4fed') in 0.006325 seconds 
========================================================================
Received Import Request.
  Time since last request: 8.215416 seconds.
  path: Assets/Resources/Enemies
  artifactKey: Guid(c53912568dfb1ca48bc383451d497a6b) Importer(815301076,1909f56bfc062723c751e8b465ee728b)
Start importing Assets/Resources/Enemies using Guid(c53912568dfb1ca48bc383451d497a6b) Importer(815301076,1909f56bfc062723c751e8b465ee728b)  -> (artifact id: '0fe35c1d1efcbc96b22bf7b424586906') in 0.002119 seconds 
========================================================================
Received Prepare
Registering precompiled user dll's ...
Registered in 0.004705 seconds.
Begin MonoManager ReloadAssembly
Native extension for WindowsStandalone target not found
Native extension for WebGL target not found
Refreshing native plugins compatible for Editor in 0.54 ms, found 3 plugins.
Preloading 0 native plugins for Editor in 0.00 ms.
Mono: successfully reloaded assembly
- Completed reload, in  0.938 seconds
Domain Reload Profiling:
	ReloadAssembly (938ms)
		BeginReloadAssembly (117ms)
			ExecutionOrderSort (0ms)
			DisableScriptedObjects (5ms)
			BackupInstance (0ms)
			ReleaseScriptingObjects (0ms)
			CreateAndSetChildDomain (34ms)
		EndReloadAssembly (772ms)
			LoadAssemblies (109ms)
			RebuildTransferFunctionScriptingTraits (0ms)
			SetupTypeCache (304ms)
			ReleaseScriptCaches (1ms)
			RebuildScriptCaches (40ms)
			SetupLoadedEditorAssemblies (244ms)
				LogAssemblyErrors (0ms)
				InitializePlatformSupportModulesInManaged (4ms)
				SetLoadedEditorAssemblies (0ms)
				RefreshPlugins (1ms)
				BeforeProcessingInitializeOnLoad (50ms)
				ProcessInitializeOnLoadAttributes (173ms)
				ProcessInitializeOnLoadMethodAttributes (14ms)
				AfterProcessingInitializeOnLoad (2ms)
				EditorAssembliesLoaded (0ms)
			ExecutionOrderSort2 (0ms)
			AwakeInstancesAfterBackupRestoration (4ms)
Platform modules already initialized, skipping
Switching build target platform(19) subTarget(0) extendedPlatform(0) -> platform(13) subTarget(537395200) extendedPlatform(0)
Refreshing native plugins compatible for Editor in 0.52 ms, found 3 plugins.
Preloading 0 native plugins for Editor in 0.00 ms.
Unloading 2783 Unused Serialized files (Serialized files now loaded: 0)
System memory in use before: 115.8 MB.
System memory in use after: 116.0 MB.

Unloading 19 unused Assets to reduce memory usage. Loaded Objects now: 3241.
Total: 2.808900 ms (FindLiveObjects: 0.181700 ms CreateObjectMapping: 0.109000 ms MarkObjects: 2.497600 ms  DeleteObjects: 0.019800 ms)

AssetImportParameters requested are different than current active one (requested -> active):
  custom:framework-win-MediaFoundation: 216162199b28c13a410421893ffa2e32 -> 
  custom:video-decoder-ogg-theora: a1e56fd34408186e4bbccfd4996cb3dc -> 
  custom:container-muxer-webm: aa71ff27fc2769a1b78a27578f13a17b -> 
  custom:container-demuxer-webm: 4f35f7cbe854078d1ac9338744f61a02 -> 
  custom:container-demuxer-ogg: 62fdf1f143b41e24485cea50d1cbac27 -> 
  custom:video-encoder-webm-vp8: eb34c28f22e8b96e1ab97ce403110664 -> 
  custom:video-decoder-webm-vp8: 9c59270c3fd7afecdb556c50c9e8de78 -> 
  custom:graphics/normal-map-encoding: 01000000000000000000000000000000 -> 02000000000000000000000000000000
  custom:audio-decoder-ogg-vorbis: bf7c407c2cedff20999df2af8eb42d56 -> 
  custom:audio-encoder-webm-vorbis: bf7c407c2cedff20999df2af8eb42d56 -> 
========================================================================
Received Import Request.
  Time since last request: 178.517733 seconds.
  path: Assets/Resources/Enemies/Cactus/Spikes
  artifactKey: Guid(ea91a1bf561bb284bbfa4973689ca8b7) Importer(815301076,1909f56bfc062723c751e8b465ee728b)
Start importing Assets/Resources/Enemies/Cactus/Spikes using Guid(ea91a1bf561bb284bbfa4973689ca8b7) Importer(815301076,1909f56bfc062723c751e8b465ee728b)  -> (artifact id: 'e718e8457e86dd383673021de0583a4e') in 0.009568 seconds 
========================================================================
Received Import Request.
  Time since last request: 0.033004 seconds.
  path: Assets/Resources/Enemies/Cactus/Spikes/spikes_0.prefab
  artifactKey: Guid(37cb16c30422a564ba70ce66df5012d1) Importer(815301076,1909f56bfc062723c751e8b465ee728b)
Start importing Assets/Resources/Enemies/Cactus/Spikes/spikes_0.prefab using Guid(37cb16c30422a564ba70ce66df5012d1) Importer(815301076,1909f56bfc062723c751e8b465ee728b)  -> (artifact id: '9fe6586cd41d459261bf7d1604ae68ab') in 0.067112 seconds 
========================================================================
Received Import Request.
  Time since last request: 0.000253 seconds.
  path: Assets/Resources/Enemies/Cactus/Spikes/spikes_1.prefab
  artifactKey: Guid(bf0d75ce8fec23048aecc577fe27b3b0) Importer(815301076,1909f56bfc062723c751e8b465ee728b)
Start importing Assets/Resources/Enemies/Cactus/Spikes/spikes_1.prefab using Guid(bf0d75ce8fec23048aecc577fe27b3b0) Importer(815301076,1909f56bfc062723c751e8b465ee728b)  -> (artifact id: '122e273052bd2eebc3463d8766ed85c5') in 0.013684 seconds 
========================================================================
Received Import Request.
  Time since last request: 0.000269 seconds.
  path: Assets/Resources/Enemies/Cactus/Spikes/spikes_3.prefab
  artifactKey: Guid(ac1ff80fbc176dc4797baeb8f923cc89) Importer(815301076,1909f56bfc062723c751e8b465ee728b)
Start importing Assets/Resources/Enemies/Cactus/Spikes/spikes_3.prefab using Guid(ac1ff80fbc176dc4797baeb8f923cc89) Importer(815301076,1909f56bfc062723c751e8b465ee728b)  -> (artifact id: '5fd5c0457dface8f29db2fa059cfb5bf') in 0.013727 seconds 
========================================================================
Received Import Request.
  Time since last request: 0.000273 seconds.
  path: Assets/Resources/Enemies/Cactus/Spikes/spikes_2.prefab
  artifactKey: Guid(5e58f4f881bc3d1479d7a75ee30aa016) Importer(815301076,1909f56bfc062723c751e8b465ee728b)
Start importing Assets/Resources/Enemies/Cactus/Spikes/spikes_2.prefab using Guid(5e58f4f881bc3d1479d7a75ee30aa016) Importer(815301076,1909f56bfc062723c751e8b465ee728b)  -> (artifact id: 'ceace3ddffd7a3c6db21cdc7c9fd821e') in 0.012605 seconds 
========================================================================
Received Import Request.
  Time since last request: 29.368287 seconds.
  path: Assets/Resources/Enemies/Cactus/Spikes/spikes_0.prefab
  artifactKey: Guid(37cb16c30422a564ba70ce66df5012d1) Importer(815301076,1909f56bfc062723c751e8b465ee728b)
Start importing Assets/Resources/Enemies/Cactus/Spikes/spikes_0.prefab using Guid(37cb16c30422a564ba70ce66df5012d1) Importer(815301076,1909f56bfc062723c751e8b465ee728b)  -> (artifact id: 'ff351186506923984db7ee0e47e76735') in 0.009849 seconds 
========================================================================
Received Import Request.
  Time since last request: 13.718868 seconds.
  path: Assets/Resources/Enemies/Cactus/Spikes/spikes_0.prefab
  artifactKey: Guid(37cb16c30422a564ba70ce66df5012d1) Importer(815301076,1909f56bfc062723c751e8b465ee728b)
Start importing Assets/Resources/Enemies/Cactus/Spikes/spikes_0.prefab using Guid(37cb16c30422a564ba70ce66df5012d1) Importer(815301076,1909f56bfc062723c751e8b465ee728b)  -> (artifact id: '789e32aa23f19e39c5bbced07b0a7c1d') in 0.022277 seconds 
========================================================================
Received Import Request.
  Time since last request: 17.106527 seconds.
  path: Assets/Resources/Enemies/Cactus/Spikes/spikes_1.prefab
  artifactKey: Guid(bf0d75ce8fec23048aecc577fe27b3b0) Importer(815301076,1909f56bfc062723c751e8b465ee728b)
Start importing Assets/Resources/Enemies/Cactus/Spikes/spikes_1.prefab using Guid(bf0d75ce8fec23048aecc577fe27b3b0) Importer(815301076,1909f56bfc062723c751e8b465ee728b)  -> (artifact id: '29da3de356919ec451c69324d244e965') in 0.012298 seconds 
========================================================================
Received Import Request.
  Time since last request: 1.626067 seconds.
  path: Assets/Resources/Enemies/Cactus/Spikes/spikes_1.prefab
  artifactKey: Guid(bf0d75ce8fec23048aecc577fe27b3b0) Importer(815301076,1909f56bfc062723c751e8b465ee728b)
Start importing Assets/Resources/Enemies/Cactus/Spikes/spikes_1.prefab using Guid(bf0d75ce8fec23048aecc577fe27b3b0) Importer(815301076,1909f56bfc062723c751e8b465ee728b)  -> (artifact id: 'b5f3834d2ff4738e008e09c57119b606') in 0.008461 seconds 
========================================================================
Received Import Request.
  Time since last request: 8.674348 seconds.
  path: Assets/Resources/Enemies/Cactus/Spikes/spikes_2.prefab
  artifactKey: Guid(5e58f4f881bc3d1479d7a75ee30aa016) Importer(815301076,1909f56bfc062723c751e8b465ee728b)
Start importing Assets/Resources/Enemies/Cactus/Spikes/spikes_2.prefab using Guid(5e58f4f881bc3d1479d7a75ee30aa016) Importer(815301076,1909f56bfc062723c751e8b465ee728b)  -> (artifact id: '110c1a1994acf7f89fe2fcc04b998def') in 0.009378 seconds 
========================================================================
Received Import Request.
  Time since last request: 1.423231 seconds.
  path: Assets/Resources/Enemies/Cactus/Spikes/spikes_2.prefab
  artifactKey: Guid(5e58f4f881bc3d1479d7a75ee30aa016) Importer(815301076,1909f56bfc062723c751e8b465ee728b)
Start importing Assets/Resources/Enemies/Cactus/Spikes/spikes_2.prefab using Guid(5e58f4f881bc3d1479d7a75ee30aa016) Importer(815301076,1909f56bfc062723c751e8b465ee728b)  -> (artifact id: '8d3b1f6a02692fa3b6611a83b2caf13b') in 0.008569 seconds 
========================================================================
Received Import Request.
  Time since last request: 6.919973 seconds.
  path: Assets/Resources/Enemies/Cactus/Spikes/spikes_3.prefab
  artifactKey: Guid(ac1ff80fbc176dc4797baeb8f923cc89) Importer(815301076,1909f56bfc062723c751e8b465ee728b)
Start importing Assets/Resources/Enemies/Cactus/Spikes/spikes_3.prefab using Guid(ac1ff80fbc176dc4797baeb8f923cc89) Importer(815301076,1909f56bfc062723c751e8b465ee728b)  -> (artifact id: '822f57e2b50c62260e41f517fa64cab9') in 0.011480 seconds 
========================================================================
Received Import Request.
  Time since last request: 18.959232 seconds.
  path: Assets/Resources/Enemies/Cactus/Spikes/spikes_3.prefab
  artifactKey: Guid(ac1ff80fbc176dc4797baeb8f923cc89) Importer(815301076,1909f56bfc062723c751e8b465ee728b)
Start importing Assets/Resources/Enemies/Cactus/Spikes/spikes_3.prefab using Guid(ac1ff80fbc176dc4797baeb8f923cc89) Importer(815301076,1909f56bfc062723c751e8b465ee728b)  -> (artifact id: '3477b1ca301e735314040e17563c97c9') in 0.008804 seconds 
========================================================================
Received Prepare
Registering precompiled user dll's ...
Registered in 0.004699 seconds.
Begin MonoManager ReloadAssembly
Native extension for WindowsStandalone target not found
Native extension for WebGL target not found
Refreshing native plugins compatible for Editor in 0.54 ms, found 3 plugins.
Preloading 0 native plugins for Editor in 0.00 ms.
Mono: successfully reloaded assembly
- Completed reload, in  0.937 seconds
Domain Reload Profiling:
	ReloadAssembly (937ms)
		BeginReloadAssembly (117ms)
			ExecutionOrderSort (0ms)
			DisableScriptedObjects (5ms)
			BackupInstance (0ms)
			ReleaseScriptingObjects (0ms)
			CreateAndSetChildDomain (34ms)
		EndReloadAssembly (769ms)
			LoadAssemblies (108ms)
			RebuildTransferFunctionScriptingTraits (0ms)
			SetupTypeCache (299ms)
			ReleaseScriptCaches (1ms)
			RebuildScriptCaches (39ms)
			SetupLoadedEditorAssemblies (247ms)
				LogAssemblyErrors (0ms)
				InitializePlatformSupportModulesInManaged (5ms)
				SetLoadedEditorAssemblies (0ms)
				RefreshPlugins (1ms)
				BeforeProcessingInitializeOnLoad (50ms)
				ProcessInitializeOnLoadAttributes (175ms)
				ProcessInitializeOnLoadMethodAttributes (14ms)
				AfterProcessingInitializeOnLoad (2ms)
				EditorAssembliesLoaded (0ms)
			ExecutionOrderSort2 (0ms)
			AwakeInstancesAfterBackupRestoration (4ms)
Platform modules already initialized, skipping
Switching build target platform(19) subTarget(0) extendedPlatform(0) -> platform(13) subTarget(537395200) extendedPlatform(0)
Refreshing native plugins compatible for Editor in 0.55 ms, found 3 plugins.
Preloading 0 native plugins for Editor in 0.00 ms.
Unloading 2783 Unused Serialized files (Serialized files now loaded: 0)
System memory in use before: 115.8 MB.
System memory in use after: 116.1 MB.

Unloading 19 unused Assets to reduce memory usage. Loaded Objects now: 3245.
Total: 2.745000 ms (FindLiveObjects: 0.185800 ms CreateObjectMapping: 0.111600 ms MarkObjects: 2.427800 ms  DeleteObjects: 0.019200 ms)

AssetImportParameters requested are different than current active one (requested -> active):
  custom:framework-win-MediaFoundation: 216162199b28c13a410421893ffa2e32 -> 
  custom:video-decoder-ogg-theora: a1e56fd34408186e4bbccfd4996cb3dc -> 
  custom:container-muxer-webm: aa71ff27fc2769a1b78a27578f13a17b -> 
  custom:container-demuxer-webm: 4f35f7cbe854078d1ac9338744f61a02 -> 
  custom:container-demuxer-ogg: 62fdf1f143b41e24485cea50d1cbac27 -> 
  custom:video-encoder-webm-vp8: eb34c28f22e8b96e1ab97ce403110664 -> 
  custom:video-decoder-webm-vp8: 9c59270c3fd7afecdb556c50c9e8de78 -> 
  custom:graphics/normal-map-encoding: 01000000000000000000000000000000 -> 02000000000000000000000000000000
  custom:audio-decoder-ogg-vorbis: bf7c407c2cedff20999df2af8eb42d56 -> 
  custom:audio-encoder-webm-vorbis: bf7c407c2cedff20999df2af8eb42d56 -> 
========================================================================
Received Import Request.
  Time since last request: 80.130157 seconds.
  path: Assets/Sprites/Environment/1_ветка_цвет.png
  artifactKey: Guid(a766fe825b6d1364e8d6a1aff1bf85ba) Importer(815301076,1909f56bfc062723c751e8b465ee728b)
Start importing Assets/Sprites/Environment/1_ветка_цвет.png using Guid(a766fe825b6d1364e8d6a1aff1bf85ba) Importer(815301076,1909f56bfc062723c751e8b465ee728b)  -> (artifact id: 'dd78833617ceec7c7eca55dbaa5dd3ef') in 0.068856 seconds 
========================================================================
Received Import Request.
  Time since last request: 0.000302 seconds.
  path: Assets/Sprites/Environment/Кактус_шипы_пнг.png
  artifactKey: Guid(83af490c00468a94e848f369c68edfdd) Importer(815301076,1909f56bfc062723c751e8b465ee728b)
Start importing Assets/Sprites/Environment/Кактус_шипы_пнг.png using Guid(83af490c00468a94e848f369c68edfdd) Importer(815301076,1909f56bfc062723c751e8b465ee728b)  -> (artifact id: '1edf0f683aea29ac1a0a301f2ee461d8') in 0.062457 seconds 
========================================================================
Received Import Request.
  Time since last request: 0.000173 seconds.
  path: Assets/Sprites/Environment/2_ветка_цвет.png
  artifactKey: Guid(3ce62feb08a1ef04cb61d6cedde3359b) Importer(815301076,1909f56bfc062723c751e8b465ee728b)
Start importing Assets/Sprites/Environment/2_ветка_цвет.png using Guid(3ce62feb08a1ef04cb61d6cedde3359b) Importer(815301076,1909f56bfc062723c751e8b465ee728b)  -> (artifact id: '4f229235c3667882327d7cdf132b1fcd') in 0.014674 seconds 
========================================================================
Received Import Request.
  Time since last request: 0.000202 seconds.
  path: Assets/Sprites/Environment/Поток_ветра_чб.png
  artifactKey: Guid(1314899a22b4bdf4399c66c2249f0c68) Importer(815301076,1909f56bfc062723c751e8b465ee728b)
Start importing Assets/Sprites/Environment/Поток_ветра_чб.png using Guid(1314899a22b4bdf4399c66c2249f0c68) Importer(815301076,1909f56bfc062723c751e8b465ee728b)  -> (artifact id: 'aa64d5764dfbb0d5de27577508a3618f') in 0.050556 seconds 
========================================================================
Received Import Request.
  Time since last request: 0.000238 seconds.
  path: Assets/Sprites/Environment/2_ветка_чб.png
  artifactKey: Guid(1debd1a1ebeba98479c077f22cd01f83) Importer(815301076,1909f56bfc062723c751e8b465ee728b)
Start importing Assets/Sprites/Environment/2_ветка_чб.png using Guid(1debd1a1ebeba98479c077f22cd01f83) Importer(815301076,1909f56bfc062723c751e8b465ee728b)  -> (artifact id: 'c4d1ba3f1f44ce93c4847382d72dfb86') in 0.033862 seconds 
========================================================================
Received Import Request.
  Time since last request: 0.000183 seconds.
  path: Assets/Sprites/Environment/Кактус_пнг_цвет_3.png
  artifactKey: Guid(4eec56114615bc64a9c96912469c2c76) Importer(815301076,1909f56bfc062723c751e8b465ee728b)
Start importing Assets/Sprites/Environment/Кактус_пнг_цвет_3.png using Guid(4eec56114615bc64a9c96912469c2c76) Importer(815301076,1909f56bfc062723c751e8b465ee728b)  -> (artifact id: 'c2e45f5ab3b758e0a025315e2d3cef67') in 0.015719 seconds 
========================================================================
Received Import Request.
  Time since last request: 0.000272 seconds.
  path: Assets/Sprites/Environment/spikes.png
  artifactKey: Guid(aa304baa909350244a33c4cfd3d99e81) Importer(815301076,1909f56bfc062723c751e8b465ee728b)
Start importing Assets/Sprites/Environment/spikes.png using Guid(aa304baa909350244a33c4cfd3d99e81) Importer(815301076,1909f56bfc062723c751e8b465ee728b)  -> (artifact id: 'c397da7fe39da1e1ace38613f1012ccf') in 0.027048 seconds 
========================================================================
Received Import Request.
  Time since last request: 0.000167 seconds.
  path: Assets/Sprites/Environment/Перекатииполе_цвет.png
  artifactKey: Guid(d219ad716f6940d4eac6e7fadcf90fd7) Importer(815301076,1909f56bfc062723c751e8b465ee728b)
Start importing Assets/Sprites/Environment/Перекатииполе_цвет.png using Guid(d219ad716f6940d4eac6e7fadcf90fd7) Importer(815301076,1909f56bfc062723c751e8b465ee728b)  -> (artifact id: 'a07d8b1b5515efddda15f9800ad7e582') in 0.035215 seconds 
========================================================================
Received Import Request.
  Time since last request: 0.000218 seconds.
  path: Assets/Sprites/Environment/Торнадо_чб.png
  artifactKey: Guid(74ca60117dc398c45a402f8d9dedf76b) Importer(815301076,1909f56bfc062723c751e8b465ee728b)
Start importing Assets/Sprites/Environment/Торнадо_чб.png using Guid(74ca60117dc398c45a402f8d9dedf76b) Importer(815301076,1909f56bfc062723c751e8b465ee728b)  -> (artifact id: '60434444e3fb3fb21b0157ea44f27274') in 0.083334 seconds 
========================================================================
Received Import Request.
  Time since last request: 0.000295 seconds.
  path: Assets/Sprites/Environment/Перекатииполе_чб.png
  artifactKey: Guid(0b1dfebfbee3c4645a0bb57cc020e5ef) Importer(815301076,1909f56bfc062723c751e8b465ee728b)
Start importing Assets/Sprites/Environment/Перекатииполе_чб.png using Guid(0b1dfebfbee3c4645a0bb57cc020e5ef) Importer(815301076,1909f56bfc062723c751e8b465ee728b)  -> (artifact id: 'd12998b940e5668d57a222d4b17a075b') in 0.051979 seconds 
========================================================================
Received Import Request.
  Time since last request: 0.000225 seconds.
  path: Assets/Sprites/Environment/Flor.png
  artifactKey: Guid(9bd6b00bd5d4030498275cd7350a40d4) Importer(815301076,1909f56bfc062723c751e8b465ee728b)
Start importing Assets/Sprites/Environment/Flor.png using Guid(9bd6b00bd5d4030498275cd7350a40d4) Importer(815301076,1909f56bfc062723c751e8b465ee728b)  -> (artifact id: '92d80b25f44361d202804395ec1b4a11') in 0.015962 seconds 
========================================================================
Received Import Request.
  Time since last request: 0.000219 seconds.
  path: Assets/Sprites/Environment/3_ветка_чб.png
  artifactKey: Guid(422fea01147518747988cbc3e0f36508) Importer(815301076,1909f56bfc062723c751e8b465ee728b)
Start importing Assets/Sprites/Environment/3_ветка_чб.png using Guid(422fea01147518747988cbc3e0f36508) Importer(815301076,1909f56bfc062723c751e8b465ee728b)  -> (artifact id: 'b7e0ccc97a10597e7ee2cb360c86f2e1') in 0.038837 seconds 
========================================================================
Received Import Request.
  Time since last request: 0.000249 seconds.
  path: Assets/Sprites/Environment/Кактус_2_чб.png
  artifactKey: Guid(7ca8504297be96141935db92835ddef7) Importer(815301076,1909f56bfc062723c751e8b465ee728b)
Start importing Assets/Sprites/Environment/Кактус_2_чб.png using Guid(7ca8504297be96141935db92835ddef7) Importer(815301076,1909f56bfc062723c751e8b465ee728b)  -> (artifact id: '92dcbab476fb97da04a495de2b1c3075') in 0.041893 seconds 
========================================================================
Received Import Request.
  Time since last request: 0.000225 seconds.
  path: Assets/Sprites/Environment/Торнадо_цвет_с_пылью_цвет.png
  artifactKey: Guid(280991bbdbd5bf74aa441a964f99e3a9) Importer(815301076,1909f56bfc062723c751e8b465ee728b)
Start importing Assets/Sprites/Environment/Торнадо_цвет_с_пылью_цвет.png using Guid(280991bbdbd5bf74aa441a964f99e3a9) Importer(815301076,1909f56bfc062723c751e8b465ee728b)  -> (artifact id: '7c7def598c22000733a9970d32f3823c') in 0.085869 seconds 
========================================================================
Received Import Request.
  Time since last request: 0.000222 seconds.
  path: Assets/Sprites/Environment/Кактус_пнг_3.png
  artifactKey: Guid(cd4e2c234444872438eeb6feb5fb3dca) Importer(815301076,1909f56bfc062723c751e8b465ee728b)
Start importing Assets/Sprites/Environment/Кактус_пнг_3.png using Guid(cd4e2c234444872438eeb6feb5fb3dca) Importer(815301076,1909f56bfc062723c751e8b465ee728b)  -> (artifact id: 'ce18cde1dd3c351cd611b948b828ee51') in 0.049602 seconds 
========================================================================
Received Import Request.
  Time since last request: 0.000215 seconds.
  path: Assets/Sprites/Environment/Кактус_2_цвет.png
  artifactKey: Guid(1df5824665518884f9ceee40717ff189) Importer(815301076,1909f56bfc062723c751e8b465ee728b)
Start importing Assets/Sprites/Environment/Кактус_2_цвет.png using Guid(1df5824665518884f9ceee40717ff189) Importer(815301076,1909f56bfc062723c751e8b465ee728b)  -> (artifact id: '2e1a6e6ad7e8035bbc0689e482de6830') in 0.014853 seconds 
========================================================================
Received Import Request.
  Time since last request: 0.000224 seconds.
  path: Assets/Sprites/Environment/1_ветка_чб.png
  artifactKey: Guid(97d908cf7a000894d8dfab35d18ceb4b) Importer(815301076,1909f56bfc062723c751e8b465ee728b)
Start importing Assets/Sprites/Environment/1_ветка_чб.png using Guid(97d908cf7a000894d8dfab35d18ceb4b) Importer(815301076,1909f56bfc062723c751e8b465ee728b)  -> (artifact id: '0d69c4a4c4c811923be33ae76013fcd3') in 0.021335 seconds 
========================================================================
Received Import Request.
  Time since last request: 0.000257 seconds.
  path: Assets/Sprites/Environment/Торнадо_цвет_с_пылью_чб.png
  artifactKey: Guid(07a56ae7ae051214094585ef8fbd3bf4) Importer(815301076,1909f56bfc062723c751e8b465ee728b)
Start importing Assets/Sprites/Environment/Торнадо_цвет_с_пылью_чб.png using Guid(07a56ae7ae051214094585ef8fbd3bf4) Importer(815301076,1909f56bfc062723c751e8b465ee728b)  -> (artifact id: 'd0fdbc8681111805386f2f4fb55ed9fb') in 0.072407 seconds 
========================================================================
Received Import Request.
  Time since last request: 0.000190 seconds.
  path: Assets/Sprites/Environment/Поток_ветра_цвет.png
  artifactKey: Guid(8fbaa4f4d01aab84fa784b6f20a97b2a) Importer(815301076,1909f56bfc062723c751e8b465ee728b)
Start importing Assets/Sprites/Environment/Поток_ветра_цвет.png using Guid(8fbaa4f4d01aab84fa784b6f20a97b2a) Importer(815301076,1909f56bfc062723c751e8b465ee728b)  -> (artifact id: 'fd02a6d10824ad5499a22276079d7dbb') in 0.014313 seconds 
========================================================================
Received Import Request.
  Time since last request: 0.000221 seconds.
  path: Assets/Sprites/Environment/3_ветка_цвет.png
  artifactKey: Guid(ecb25f28be92b8845b3a8fcf7dc30ec7) Importer(815301076,1909f56bfc062723c751e8b465ee728b)
Start importing Assets/Sprites/Environment/3_ветка_цвет.png using Guid(ecb25f28be92b8845b3a8fcf7dc30ec7) Importer(815301076,1909f56bfc062723c751e8b465ee728b)  -> (artifact id: 'a1a0e156914974971dd66d50c91839bf') in 0.016246 seconds 
========================================================================
Received Import Request.
  Time since last request: 0.000265 seconds.
  path: Assets/Sprites/Environment/Кактус_шипы_пнг_чб.png
  artifactKey: Guid(48f4f8a527255ef428b3d2dd2f5f83d0) Importer(815301076,1909f56bfc062723c751e8b465ee728b)
Start importing Assets/Sprites/Environment/Кактус_шипы_пнг_чб.png using Guid(48f4f8a527255ef428b3d2dd2f5f83d0) Importer(815301076,1909f56bfc062723c751e8b465ee728b)  -> (artifact id: '7d047d85db09e011b4bc398b60fa8ef8') in 0.023231 seconds 
========================================================================
Received Import Request.
  Time since last request: 0.000225 seconds.
  path: Assets/Sprites/Environment/Торнадо_цвет.png
  artifactKey: Guid(02d412178d9fb2a49b61ab716ac1f2d1) Importer(815301076,1909f56bfc062723c751e8b465ee728b)
Start importing Assets/Sprites/Environment/Торнадо_цвет.png using Guid(02d412178d9fb2a49b61ab716ac1f2d1) Importer(815301076,1909f56bfc062723c751e8b465ee728b)  -> (artifact id: 'ba77f62b70cb9b65d2527c6d7b89c78f') in 0.017547 seconds 
========================================================================
Received Prepare
Registering precompiled user dll's ...
Registered in 0.005587 seconds.
Begin MonoManager ReloadAssembly
Native extension for WindowsStandalone target not found
Native extension for WebGL target not found
Refreshing native plugins compatible for Editor in 0.54 ms, found 3 plugins.
Preloading 0 native plugins for Editor in 0.00 ms.
Mono: successfully reloaded assembly
- Completed reload, in  0.959 seconds
Domain Reload Profiling:
	ReloadAssembly (960ms)
		BeginReloadAssembly (119ms)
			ExecutionOrderSort (0ms)
			DisableScriptedObjects (6ms)
			BackupInstance (0ms)
			ReleaseScriptingObjects (0ms)
			CreateAndSetChildDomain (34ms)
		EndReloadAssembly (789ms)
			LoadAssemblies (109ms)
			RebuildTransferFunctionScriptingTraits (0ms)
			SetupTypeCache (304ms)
			ReleaseScriptCaches (1ms)
			RebuildScriptCaches (40ms)
			SetupLoadedEditorAssemblies (257ms)
				LogAssemblyErrors (0ms)
				InitializePlatformSupportModulesInManaged (5ms)
				SetLoadedEditorAssemblies (0ms)
				RefreshPlugins (1ms)
				BeforeProcessingInitializeOnLoad (49ms)
				ProcessInitializeOnLoadAttributes (185ms)
				ProcessInitializeOnLoadMethodAttributes (16ms)
				AfterProcessingInitializeOnLoad (2ms)
				EditorAssembliesLoaded (0ms)
			ExecutionOrderSort2 (0ms)
			AwakeInstancesAfterBackupRestoration (4ms)
Platform modules already initialized, skipping
Switching build target platform(19) subTarget(0) extendedPlatform(0) -> platform(13) subTarget(537395200) extendedPlatform(0)
Refreshing native plugins compatible for Editor in 0.54 ms, found 3 plugins.
Preloading 0 native plugins for Editor in 0.00 ms.
Unloading 2783 Unused Serialized files (Serialized files now loaded: 0)
System memory in use before: 115.9 MB.
System memory in use after: 116.1 MB.

Unloading 19 unused Assets to reduce memory usage. Loaded Objects now: 3280.
Total: 3.045000 ms (FindLiveObjects: 0.211600 ms CreateObjectMapping: 0.124400 ms MarkObjects: 2.685500 ms  DeleteObjects: 0.022700 ms)

AssetImportParameters requested are different than current active one (requested -> active):
  custom:framework-win-MediaFoundation: 216162199b28c13a410421893ffa2e32 -> 
  custom:video-decoder-ogg-theora: a1e56fd34408186e4bbccfd4996cb3dc -> 
  custom:container-muxer-webm: aa71ff27fc2769a1b78a27578f13a17b -> 
  custom:container-demuxer-webm: 4f35f7cbe854078d1ac9338744f61a02 -> 
  custom:container-demuxer-ogg: 62fdf1f143b41e24485cea50d1cbac27 -> 
  custom:video-encoder-webm-vp8: eb34c28f22e8b96e1ab97ce403110664 -> 
  custom:video-decoder-webm-vp8: 9c59270c3fd7afecdb556c50c9e8de78 -> 
  custom:graphics/normal-map-encoding: 01000000000000000000000000000000 -> 02000000000000000000000000000000
  custom:audio-decoder-ogg-vorbis: bf7c407c2cedff20999df2af8eb42d56 -> 
  custom:audio-encoder-webm-vorbis: bf7c407c2cedff20999df2af8eb42d56 -> 
========================================================================
Received Prepare
Registering precompiled user dll's ...
Registered in 0.004720 seconds.
Begin MonoManager ReloadAssembly
Native extension for WindowsStandalone target not found
Native extension for WebGL target not found
Refreshing native plugins compatible for Editor in 0.52 ms, found 3 plugins.
Preloading 0 native plugins for Editor in 0.00 ms.
Mono: successfully reloaded assembly
- Completed reload, in  0.935 seconds
Domain Reload Profiling:
	ReloadAssembly (935ms)
		BeginReloadAssembly (119ms)
			ExecutionOrderSort (0ms)
			DisableScriptedObjects (5ms)
			BackupInstance (0ms)
			ReleaseScriptingObjects (0ms)
			CreateAndSetChildDomain (34ms)
		EndReloadAssembly (767ms)
			LoadAssemblies (110ms)
			RebuildTransferFunctionScriptingTraits (0ms)
			SetupTypeCache (301ms)
			ReleaseScriptCaches (1ms)
			RebuildScriptCaches (39ms)
			SetupLoadedEditorAssemblies (241ms)
				LogAssemblyErrors (0ms)
				InitializePlatformSupportModulesInManaged (4ms)
				SetLoadedEditorAssemblies (0ms)
				RefreshPlugins (1ms)
				BeforeProcessingInitializeOnLoad (50ms)
				ProcessInitializeOnLoadAttributes (170ms)
				ProcessInitializeOnLoadMethodAttributes (14ms)
				AfterProcessingInitializeOnLoad (2ms)
				EditorAssembliesLoaded (0ms)
			ExecutionOrderSort2 (0ms)
			AwakeInstancesAfterBackupRestoration (4ms)
Platform modules already initialized, skipping
Switching build target platform(19) subTarget(0) extendedPlatform(0) -> platform(13) subTarget(537395200) extendedPlatform(0)
Refreshing native plugins compatible for Editor in 0.52 ms, found 3 plugins.
Preloading 0 native plugins for Editor in 0.00 ms.
Unloading 2783 Unused Serialized files (Serialized files now loaded: 0)
System memory in use before: 115.9 MB.
System memory in use after: 116.1 MB.

Unloading 19 unused Assets to reduce memory usage. Loaded Objects now: 3283.
Total: 2.718500 ms (FindLiveObjects: 0.189300 ms CreateObjectMapping: 0.115100 ms MarkObjects: 2.394200 ms  DeleteObjects: 0.019300 ms)

AssetImportParameters requested are different than current active one (requested -> active):
  custom:framework-win-MediaFoundation: 216162199b28c13a410421893ffa2e32 -> 
  custom:video-decoder-ogg-theora: a1e56fd34408186e4bbccfd4996cb3dc -> 
  custom:container-muxer-webm: aa71ff27fc2769a1b78a27578f13a17b -> 
  custom:container-demuxer-webm: 4f35f7cbe854078d1ac9338744f61a02 -> 
  custom:container-demuxer-ogg: 62fdf1f143b41e24485cea50d1cbac27 -> 
  custom:video-encoder-webm-vp8: eb34c28f22e8b96e1ab97ce403110664 -> 
  custom:video-decoder-webm-vp8: 9c59270c3fd7afecdb556c50c9e8de78 -> 
  custom:graphics/normal-map-encoding: 01000000000000000000000000000000 -> 02000000000000000000000000000000
  custom:audio-decoder-ogg-vorbis: bf7c407c2cedff20999df2af8eb42d56 -> 
  custom:audio-encoder-webm-vorbis: bf7c407c2cedff20999df2af8eb42d56 -> 
========================================================================
Received Import Request.
  Time since last request: 2489.719714 seconds.
  path: Assets/Sprites/Ico/skyworld.png
  artifactKey: Guid(36816d938a36662469395d3b123a693b) Importer(815301076,1909f56bfc062723c751e8b465ee728b)
Start importing Assets/Sprites/Ico/skyworld.png using Guid(36816d938a36662469395d3b123a693b) Importer(815301076,1909f56bfc062723c751e8b465ee728b)  -> (artifact id: '657bd6a9e466008d1c49807ca165dbe3') in 0.083620 seconds 
========================================================================
Received Import Request.
  Time since last request: 162.658680 seconds.
  path: Assets/Resources/Enemies/Cactus/Cactus_type01.prefab
  artifactKey: Guid(a20df685e8449684e8529fef8e692f6e) Importer(815301076,1909f56bfc062723c751e8b465ee728b)
Start importing Assets/Resources/Enemies/Cactus/Cactus_type01.prefab using Guid(a20df685e8449684e8529fef8e692f6e) Importer(815301076,1909f56bfc062723c751e8b465ee728b)  -> (artifact id: 'f95e8800c28157faefb8fc1fa47127fb') in 0.030950 seconds 
========================================================================
Received Import Request.
  Time since last request: 12.398798 seconds.
  path: Assets/Кактус_пнг_цвет_3.prefab
  artifactKey: Guid(a933baaf053e3f94d87a7d05630279b2) Importer(815301076,1909f56bfc062723c751e8b465ee728b)
Start importing Assets/Кактус_пнг_цвет_3.prefab using Guid(a933baaf053e3f94d87a7d05630279b2) Importer(815301076,1909f56bfc062723c751e8b465ee728b)  -> (artifact id: 'e7d22b65ec20a816b0ffe971374e28be') in 0.012402 seconds 
========================================================================
Received Prepare
Registering precompiled user dll's ...
Registered in 0.004749 seconds.
Begin MonoManager ReloadAssembly
Native extension for WindowsStandalone target not found
Native extension for WebGL target not found
Refreshing native plugins compatible for Editor in 0.53 ms, found 3 plugins.
Preloading 0 native plugins for Editor in 0.00 ms.
Mono: successfully reloaded assembly
- Completed reload, in  0.947 seconds
Domain Reload Profiling:
	ReloadAssembly (947ms)
		BeginReloadAssembly (116ms)
			ExecutionOrderSort (0ms)
			DisableScriptedObjects (5ms)
			BackupInstance (0ms)
			ReleaseScriptingObjects (0ms)
			CreateAndSetChildDomain (32ms)
		EndReloadAssembly (780ms)
			LoadAssemblies (109ms)
			RebuildTransferFunctionScriptingTraits (0ms)
			SetupTypeCache (311ms)
			ReleaseScriptCaches (1ms)
			RebuildScriptCaches (40ms)
			SetupLoadedEditorAssemblies (241ms)
				LogAssemblyErrors (0ms)
				InitializePlatformSupportModulesInManaged (4ms)
				SetLoadedEditorAssemblies (0ms)
				RefreshPlugins (1ms)
				BeforeProcessingInitializeOnLoad (50ms)
				ProcessInitializeOnLoadAttributes (170ms)
				ProcessInitializeOnLoadMethodAttributes (14ms)
				AfterProcessingInitializeOnLoad (2ms)
				EditorAssembliesLoaded (0ms)
			ExecutionOrderSort2 (0ms)
			AwakeInstancesAfterBackupRestoration (4ms)
Platform modules already initialized, skipping
Switching build target platform(19) subTarget(0) extendedPlatform(0) -> platform(13) subTarget(537395200) extendedPlatform(0)
Refreshing native plugins compatible for Editor in 0.52 ms, found 3 plugins.
Preloading 0 native plugins for Editor in 0.00 ms.
Unloading 2783 Unused Serialized files (Serialized files now loaded: 0)
System memory in use before: 115.9 MB.
System memory in use after: 116.1 MB.

Unloading 19 unused Assets to reduce memory usage. Loaded Objects now: 3289.
Total: 2.874000 ms (FindLiveObjects: 0.200800 ms CreateObjectMapping: 0.130500 ms MarkObjects: 2.521000 ms  DeleteObjects: 0.021000 ms)

AssetImportParameters requested are different than current active one (requested -> active):
  custom:framework-win-MediaFoundation: 216162199b28c13a410421893ffa2e32 -> 
  custom:video-decoder-ogg-theora: a1e56fd34408186e4bbccfd4996cb3dc -> 
  custom:container-muxer-webm: aa71ff27fc2769a1b78a27578f13a17b -> 
  custom:container-demuxer-webm: 4f35f7cbe854078d1ac9338744f61a02 -> 
  custom:container-demuxer-ogg: 62fdf1f143b41e24485cea50d1cbac27 -> 
  custom:video-encoder-webm-vp8: eb34c28f22e8b96e1ab97ce403110664 -> 
  custom:video-decoder-webm-vp8: 9c59270c3fd7afecdb556c50c9e8de78 -> 
  custom:graphics/normal-map-encoding: 01000000000000000000000000000000 -> 02000000000000000000000000000000
  custom:audio-decoder-ogg-vorbis: bf7c407c2cedff20999df2af8eb42d56 -> 
  custom:audio-encoder-webm-vorbis: bf7c407c2cedff20999df2af8eb42d56 -> 
========================================================================
Received Prepare
Registering precompiled user dll's ...
Registered in 0.004754 seconds.
Begin MonoManager ReloadAssembly
Native extension for WindowsStandalone target not found
Native extension for WebGL target not found
Refreshing native plugins compatible for Editor in 0.53 ms, found 3 plugins.
Preloading 0 native plugins for Editor in 0.00 ms.
Mono: successfully reloaded assembly
- Completed reload, in  0.954 seconds
Domain Reload Profiling:
	ReloadAssembly (955ms)
		BeginReloadAssembly (116ms)
			ExecutionOrderSort (0ms)
			DisableScriptedObjects (6ms)
			BackupInstance (0ms)
			ReleaseScriptingObjects (0ms)
			CreateAndSetChildDomain (32ms)
		EndReloadAssembly (788ms)
			LoadAssemblies (111ms)
			RebuildTransferFunctionScriptingTraits (0ms)
			SetupTypeCache (307ms)
			ReleaseScriptCaches (1ms)
			RebuildScriptCaches (40ms)
			SetupLoadedEditorAssemblies (247ms)
				LogAssemblyErrors (0ms)
				InitializePlatformSupportModulesInManaged (4ms)
				SetLoadedEditorAssemblies (0ms)
				RefreshPlugins (1ms)
				BeforeProcessingInitializeOnLoad (51ms)
				ProcessInitializeOnLoadAttributes (175ms)
				ProcessInitializeOnLoadMethodAttributes (14ms)
				AfterProcessingInitializeOnLoad (2ms)
				EditorAssembliesLoaded (0ms)
			ExecutionOrderSort2 (0ms)
			AwakeInstancesAfterBackupRestoration (4ms)
Platform modules already initialized, skipping
Switching build target platform(19) subTarget(0) extendedPlatform(0) -> platform(13) subTarget(537395200) extendedPlatform(0)
Refreshing native plugins compatible for Editor in 0.53 ms, found 3 plugins.
Preloading 0 native plugins for Editor in 0.00 ms.
Unloading 2783 Unused Serialized files (Serialized files now loaded: 0)
System memory in use before: 115.9 MB.
System memory in use after: 116.2 MB.

Unloading 19 unused Assets to reduce memory usage. Loaded Objects now: 3292.
Total: 2.913100 ms (FindLiveObjects: 0.191100 ms CreateObjectMapping: 0.117800 ms MarkObjects: 2.581200 ms  DeleteObjects: 0.022100 ms)

AssetImportParameters requested are different than current active one (requested -> active):
  custom:framework-win-MediaFoundation: 216162199b28c13a410421893ffa2e32 -> 
  custom:video-decoder-ogg-theora: a1e56fd34408186e4bbccfd4996cb3dc -> 
  custom:container-muxer-webm: aa71ff27fc2769a1b78a27578f13a17b -> 
  custom:container-demuxer-webm: 4f35f7cbe854078d1ac9338744f61a02 -> 
  custom:container-demuxer-ogg: 62fdf1f143b41e24485cea50d1cbac27 -> 
  custom:video-encoder-webm-vp8: eb34c28f22e8b96e1ab97ce403110664 -> 
  custom:video-decoder-webm-vp8: 9c59270c3fd7afecdb556c50c9e8de78 -> 
  custom:graphics/normal-map-encoding: 01000000000000000000000000000000 -> 02000000000000000000000000000000
  custom:audio-decoder-ogg-vorbis: bf7c407c2cedff20999df2af8eb42d56 -> 
  custom:audio-encoder-webm-vorbis: bf7c407c2cedff20999df2af8eb42d56 -> 
========================================================================
Received Import Request.
  Time since last request: 734.389715 seconds.
  path: Assets
  artifactKey: Guid(00000000000000001000000000000000) Importer(815301076,1909f56bfc062723c751e8b465ee728b)
Start importing Assets using Guid(00000000000000001000000000000000) Importer(815301076,1909f56bfc062723c751e8b465ee728b)  -> (artifact id: '42d402b061de3733987d63b9cc3b64de') in 0.009654 seconds 
========================================================================
Received Import Request.
  Time since last request: 17.534735 seconds.
  path: Assets/Scenes/DevScene/Shop.unity
  artifactKey: Guid(f5f781a42bd663748ad65c82f85c078f) Importer(815301076,1909f56bfc062723c751e8b465ee728b)
Start importing Assets/Scenes/DevScene/Shop.unity using Guid(f5f781a42bd663748ad65c82f85c078f) Importer(815301076,1909f56bfc062723c751e8b465ee728b)  -> (artifact id: 'c366d2600093a6f5c071e33eaeb135ed') in 0.006123 seconds 
========================================================================
Received Import Request.
  Time since last request: 72.473862 seconds.
  path: Assets/Scenes/DevScene/Shop 1.unity
  artifactKey: Guid(019a1149c8d2274459bf65e7db3751a1) Importer(815301076,1909f56bfc062723c751e8b465ee728b)
Start importing Assets/Scenes/DevScene/Shop 1.unity using Guid(019a1149c8d2274459bf65e7db3751a1) Importer(815301076,1909f56bfc062723c751e8b465ee728b)  -> (artifact id: 'c80ac085358ad0fd6601e1102c515635') in 0.005855 seconds 
========================================================================
Received Import Request.
  Time since last request: 167.458310 seconds.
  path: Assets/Sprites/Environment/balloon-gd571263d1_1280.png
  artifactKey: Guid(4815c3ead979161478d001a21dc0102c) Importer(815301076,1909f56bfc062723c751e8b465ee728b)
Start importing Assets/Sprites/Environment/balloon-gd571263d1_1280.png using Guid(4815c3ead979161478d001a21dc0102c) Importer(815301076,1909f56bfc062723c751e8b465ee728b)  -> (artifact id: 'a333b0b45d7bd21f564a6590d03b054a') in 0.050424 seconds 
========================================================================
Received Import Request.
  Time since last request: 0.000259 seconds.
  path: Assets/Sprites/Environment/lock-g5837ef8bc_1280.png
  artifactKey: Guid(1e918379809c5774ea274f307c4ad696) Importer(815301076,1909f56bfc062723c751e8b465ee728b)
Start importing Assets/Sprites/Environment/lock-g5837ef8bc_1280.png using Guid(1e918379809c5774ea274f307c4ad696) Importer(815301076,1909f56bfc062723c751e8b465ee728b)  -> (artifact id: '1d771c388c609ec58023bc86017ecc15') in 0.015419 seconds 
========================================================================
Received Import Request.
  Time since last request: 0.000203 seconds.
  path: Assets/Sprites/Environment/hot-air-balloon-gd318ff7e6_1280.png
  artifactKey: Guid(f350d3ea1b30e0746b121d05beff5666) Importer(815301076,1909f56bfc062723c751e8b465ee728b)
Start importing Assets/Sprites/Environment/hot-air-balloon-gd318ff7e6_1280.png using Guid(f350d3ea1b30e0746b121d05beff5666) Importer(815301076,1909f56bfc062723c751e8b465ee728b)  -> (artifact id: 'c4aba5ce93b2c86a6103426eaf1cdb12') in 0.023709 seconds 
========================================================================
Received Import Request.
  Time since last request: 0.000292 seconds.
  path: Assets/Sprites/Environment/castle-g88e38c2ef_1280.png
  artifactKey: Guid(42ea2fde26a7f1c4bbb6e50b747776d6) Importer(815301076,1909f56bfc062723c751e8b465ee728b)
Start importing Assets/Sprites/Environment/castle-g88e38c2ef_1280.png using Guid(42ea2fde26a7f1c4bbb6e50b747776d6) Importer(815301076,1909f56bfc062723c751e8b465ee728b)  -> (artifact id: '035b0d09b85f8023a7125bfd8566212f') in 0.016630 seconds 
========================================================================
Received Import Request.
  Time since last request: 0.000186 seconds.
  path: Assets/Sprites/Environment/hot-air-balloon-g74b3320c8_1280.png
  artifactKey: Guid(2a69b6ec6d8bab54a8e4cb1548e1a557) Importer(815301076,1909f56bfc062723c751e8b465ee728b)
Start importing Assets/Sprites/Environment/hot-air-balloon-g74b3320c8_1280.png using Guid(2a69b6ec6d8bab54a8e4cb1548e1a557) Importer(815301076,1909f56bfc062723c751e8b465ee728b)  -> (artifact id: '4b883cae004fe1acdd97a562b37b6b53') in 0.016042 seconds 
========================================================================
Received Import Request.
  Time since last request: 32.347737 seconds.
  path: Assets/Scripts
  artifactKey: Guid(9951cc0ae99a0b241a8b8ebfde8c87bd) Importer(815301076,1909f56bfc062723c751e8b465ee728b)
Start importing Assets/Scripts using Guid(9951cc0ae99a0b241a8b8ebfde8c87bd) Importer(815301076,1909f56bfc062723c751e8b465ee728b)  -> (artifact id: 'e13d56f73d2c7e1356c75534eab96068') in 0.006838 seconds 
========================================================================
Received Import Request.
  Time since last request: 7.946190 seconds.
  path: Assets/Scripts/Shop
  artifactKey: Guid(179b775dd111021459293243b914a984) Importer(815301076,1909f56bfc062723c751e8b465ee728b)
Start importing Assets/Scripts/Shop using Guid(179b775dd111021459293243b914a984) Importer(815301076,1909f56bfc062723c751e8b465ee728b)  -> (artifact id: 'b3833d8de958fa4db373793efc780918') in 0.005634 seconds 
========================================================================
Received Prepare
Registering precompiled user dll's ...
Registered in 0.004710 seconds.
Begin MonoManager ReloadAssembly
Native extension for WindowsStandalone target not found
Native extension for WebGL target not found
Refreshing native plugins compatible for Editor in 0.54 ms, found 3 plugins.
Preloading 0 native plugins for Editor in 0.00 ms.
Mono: successfully reloaded assembly
- Completed reload, in  0.960 seconds
Domain Reload Profiling:
	ReloadAssembly (961ms)
		BeginReloadAssembly (124ms)
			ExecutionOrderSort (0ms)
			DisableScriptedObjects (5ms)
			BackupInstance (0ms)
			ReleaseScriptingObjects (0ms)
			CreateAndSetChildDomain (35ms)
		EndReloadAssembly (783ms)
			LoadAssemblies (116ms)
			RebuildTransferFunctionScriptingTraits (0ms)
			SetupTypeCache (306ms)
			ReleaseScriptCaches (1ms)
			RebuildScriptCaches (39ms)
			SetupLoadedEditorAssemblies (243ms)
				LogAssemblyErrors (0ms)
				InitializePlatformSupportModulesInManaged (4ms)
				SetLoadedEditorAssemblies (0ms)
				RefreshPlugins (1ms)
				BeforeProcessingInitializeOnLoad (50ms)
				ProcessInitializeOnLoadAttributes (171ms)
				ProcessInitializeOnLoadMethodAttributes (14ms)
				AfterProcessingInitializeOnLoad (2ms)
				EditorAssembliesLoaded (0ms)
			ExecutionOrderSort2 (0ms)
			AwakeInstancesAfterBackupRestoration (4ms)
Platform modules already initialized, skipping
Switching build target platform(19) subTarget(0) extendedPlatform(0) -> platform(13) subTarget(537395200) extendedPlatform(0)
Refreshing native plugins compatible for Editor in 0.50 ms, found 3 plugins.
Preloading 0 native plugins for Editor in 0.00 ms.
Unloading 2785 Unused Serialized files (Serialized files now loaded: 0)
System memory in use before: 116.0 MB.
System memory in use after: 116.2 MB.

Unloading 19 unused Assets to reduce memory usage. Loaded Objects now: 3308.
Total: 2.718100 ms (FindLiveObjects: 0.180000 ms CreateObjectMapping: 0.102500 ms MarkObjects: 2.415000 ms  DeleteObjects: 0.019700 ms)

AssetImportParameters requested are different than current active one (requested -> active):
  custom:framework-win-MediaFoundation: 216162199b28c13a410421893ffa2e32 -> 
  custom:video-decoder-ogg-theora: a1e56fd34408186e4bbccfd4996cb3dc -> 
  custom:container-muxer-webm: aa71ff27fc2769a1b78a27578f13a17b -> 
  custom:container-demuxer-webm: 4f35f7cbe854078d1ac9338744f61a02 -> 
  custom:container-demuxer-ogg: 62fdf1f143b41e24485cea50d1cbac27 -> 
  custom:video-encoder-webm-vp8: eb34c28f22e8b96e1ab97ce403110664 -> 
  custom:video-decoder-webm-vp8: 9c59270c3fd7afecdb556c50c9e8de78 -> 
  custom:graphics/normal-map-encoding: 01000000000000000000000000000000 -> 02000000000000000000000000000000
  custom:audio-decoder-ogg-vorbis: bf7c407c2cedff20999df2af8eb42d56 -> 
  custom:audio-encoder-webm-vorbis: bf7c407c2cedff20999df2af8eb42d56 -> 
========================================================================
Received Prepare
Registering precompiled user dll's ...
Registered in 0.005433 seconds.
Begin MonoManager ReloadAssembly
Native extension for WindowsStandalone target not found
Native extension for WebGL target not found
Refreshing native plugins compatible for Editor in 0.55 ms, found 3 plugins.
Preloading 0 native plugins for Editor in 0.00 ms.
Mono: successfully reloaded assembly
- Completed reload, in  0.934 seconds
Domain Reload Profiling:
	ReloadAssembly (934ms)
		BeginReloadAssembly (116ms)
			ExecutionOrderSort (0ms)
			DisableScriptedObjects (5ms)
			BackupInstance (0ms)
			ReleaseScriptingObjects (0ms)
			CreateAndSetChildDomain (32ms)
		EndReloadAssembly (768ms)
			LoadAssemblies (109ms)
			RebuildTransferFunctionScriptingTraits (0ms)
			SetupTypeCache (295ms)
			ReleaseScriptCaches (1ms)
			RebuildScriptCaches (39ms)
			SetupLoadedEditorAssemblies (238ms)
				LogAssemblyErrors (0ms)
				InitializePlatformSupportModulesInManaged (4ms)
				SetLoadedEditorAssemblies (0ms)
				RefreshPlugins (1ms)
				BeforeProcessingInitializeOnLoad (51ms)
				ProcessInitializeOnLoadAttributes (167ms)
				ProcessInitializeOnLoadMethodAttributes (13ms)
				AfterProcessingInitializeOnLoad (2ms)
				EditorAssembliesLoaded (0ms)
			ExecutionOrderSort2 (0ms)
			AwakeInstancesAfterBackupRestoration (4ms)
Platform modules already initialized, skipping
Switching build target platform(19) subTarget(0) extendedPlatform(0) -> platform(13) subTarget(537395200) extendedPlatform(0)
Refreshing native plugins compatible for Editor in 0.49 ms, found 3 plugins.
Preloading 0 native plugins for Editor in 0.00 ms.
Unloading 2786 Unused Serialized files (Serialized files now loaded: 0)
System memory in use before: 116.0 MB.
System memory in use after: 116.3 MB.

Unloading 19 unused Assets to reduce memory usage. Loaded Objects now: 3312.
Total: 2.756600 ms (FindLiveObjects: 0.191900 ms CreateObjectMapping: 0.115100 ms MarkObjects: 2.427300 ms  DeleteObjects: 0.021500 ms)

AssetImportParameters requested are different than current active one (requested -> active):
  custom:framework-win-MediaFoundation: 216162199b28c13a410421893ffa2e32 -> 
  custom:video-decoder-ogg-theora: a1e56fd34408186e4bbccfd4996cb3dc -> 
  custom:container-muxer-webm: aa71ff27fc2769a1b78a27578f13a17b -> 
  custom:container-demuxer-webm: 4f35f7cbe854078d1ac9338744f61a02 -> 
  custom:container-demuxer-ogg: 62fdf1f143b41e24485cea50d1cbac27 -> 
  custom:video-encoder-webm-vp8: eb34c28f22e8b96e1ab97ce403110664 -> 
  custom:video-decoder-webm-vp8: 9c59270c3fd7afecdb556c50c9e8de78 -> 
  custom:graphics/normal-map-encoding: 01000000000000000000000000000000 -> 02000000000000000000000000000000
  custom:audio-decoder-ogg-vorbis: bf7c407c2cedff20999df2af8eb42d56 -> 
  custom:audio-encoder-webm-vorbis: bf7c407c2cedff20999df2af8eb42d56 -> 
========================================================================
Received Import Request.
  Time since last request: 491.145924 seconds.
  path: Assets/Sprites/Environment/button-gd17965ef7_1280.png
  artifactKey: Guid(d9b571c8fb4c0ca4484fd7ed62ba2b47) Importer(815301076,1909f56bfc062723c751e8b465ee728b)
Start importing Assets/Sprites/Environment/button-gd17965ef7_1280.png using Guid(d9b571c8fb4c0ca4484fd7ed62ba2b47) Importer(815301076,1909f56bfc062723c751e8b465ee728b)  -> (artifact id: 'ba5203855f0112991195d573be278a22') in 0.053009 seconds 
========================================================================
Received Import Request.
  Time since last request: 599.389808 seconds.
  path: Assets/Sprites/Environment/button-gd17965ef7_1280.png
  artifactKey: Guid(d9b571c8fb4c0ca4484fd7ed62ba2b47) Importer(815301076,1909f56bfc062723c751e8b465ee728b)
Start importing Assets/Sprites/Environment/button-gd17965ef7_1280.png using Guid(d9b571c8fb4c0ca4484fd7ed62ba2b47) Importer(815301076,1909f56bfc062723c751e8b465ee728b)  -> (artifact id: '1a5e7e1af4ed9073606d929048bd671c') in 0.016521 seconds 
========================================================================
Received Import Request.
  Time since last request: 30.131160 seconds.
  path: Assets/Sprites/Environment/button-gd17965ef7_1280.png
  artifactKey: Guid(d9b571c8fb4c0ca4484fd7ed62ba2b47) Importer(815301076,1909f56bfc062723c751e8b465ee728b)
Start importing Assets/Sprites/Environment/button-gd17965ef7_1280.png using Guid(d9b571c8fb4c0ca4484fd7ed62ba2b47) Importer(815301076,1909f56bfc062723c751e8b465ee728b)  -> (artifact id: '315db17cec2b6f6697cda75c8874140f') in 0.020311 seconds 
========================================================================
Received Import Request.
  Time since last request: 229.218851 seconds.
  path: Assets/Sprites/Environment/button-gd17965ef7_1280 1.png
  artifactKey: Guid(57a10da84478a8c4585b16e70fdce273) Importer(815301076,1909f56bfc062723c751e8b465ee728b)
Start importing Assets/Sprites/Environment/button-gd17965ef7_1280 1.png using Guid(57a10da84478a8c4585b16e70fdce273) Importer(815301076,1909f56bfc062723c751e8b465ee728b)  -> (artifact id: 'f0415fab1070f86264429c8d502d0ddf') in 0.019570 seconds 
========================================================================
Received Import Request.
  Time since last request: 281.107221 seconds.
  path: Assets/Scenes/DevScene/Shop.unity
  artifactKey: Guid(f5f781a42bd663748ad65c82f85c078f) Importer(815301076,1909f56bfc062723c751e8b465ee728b)
Start importing Assets/Scenes/DevScene/Shop.unity using Guid(f5f781a42bd663748ad65c82f85c078f) Importer(815301076,1909f56bfc062723c751e8b465ee728b)  -> (artifact id: '921ae91cf1a6cf7cd3d3459de98af72e') in 0.005935 seconds 
AssetImportWorkerClient::OnTransportError - code=2 error=End of file
