Using pre-set license
Built from '2020.3/staging' branch; Version is '2020.3.21f1 (a38c86f6690f) revision 10718342'; Using compiler version '192528614'; Build Type 'Release'
OS: 'Windows 10 Home Single Language; OS build 19045.2364; Version 2009; 64bit' Language: 'ru' Physical Memory: 3977 MB
BatchMode: 1, IsHumanControllingUs: 0, StartBugReporterOnCrash: 0, Is64bit: 1, IsPro: 0

COMMAND LINE ARGUMENTS:
C:\Program Files\Unity\Hub\Editor\2020.3.21f1\Editor\Unity.exe
-adb2
-batchMode
-noUpm
-name
AssetImportWorker10
-projectPath
C:/Users/vsljr/Desktop/Test Git/Sky-World-levels
-logFile
Logs/AssetImportWorker10.log
-srvPort
63286
Successfully changed project path to: C:/Users/vsljr/Desktop/Test Git/Sky-World-levels
C:/Users/vsljr/Desktop/Test Git/Sky-World-levels
Using Asset Import Pipeline V2.
Refreshing native plugins compatible for Editor in 117.55 ms, found 3 plugins.
Preloading 0 native plugins for Editor in 0.00 ms.
Initialize engine version: 2020.3.21f1 (a38c86f6690f)
[Subsystems] Discovering subsystems at path C:/Program Files/Unity/Hub/Editor/2020.3.21f1/Editor/Data/Resources/UnitySubsystems
[Subsystems] Discovering subsystems at path C:/Users/vsljr/Desktop/Test Git/Sky-World-levels/Assets
GfxDevice: creating device client; threaded=0
Direct3D:
    Version:  Direct3D 11.0 [level 11.0]
    Renderer: NVIDIA GeForce 920M (ID=0x1299)
    Vendor:   
    VRAM:     2009 MB
    Driver:   24.21.13.9924
Initialize mono
Mono path[0] = 'C:/Program Files/Unity/Hub/Editor/2020.3.21f1/Editor/Data/Managed'
Mono path[1] = 'C:/Program Files/Unity/Hub/Editor/2020.3.21f1/Editor/Data/MonoBleedingEdge/lib/mono/unityjit'
Mono config path = 'C:/Program Files/Unity/Hub/Editor/2020.3.21f1/Editor/Data/MonoBleedingEdge/etc'
Using monoOptions --debugger-agent=transport=dt_socket,embedding=1,server=y,suspend=n,address=127.0.0.1:56788
Begin MonoManager ReloadAssembly
Registering precompiled unity dll's ...
Register platform support module: C:/Program Files/Unity/Hub/Editor/2020.3.21f1/Editor/Data/PlaybackEngines/WindowsStandaloneSupport/UnityEditor.WindowsStandalone.Extensions.dll
Registered in 0.003909 seconds.
Native extension for WindowsStandalone target not found
Refreshing native plugins compatible for Editor in 126.95 ms, found 3 plugins.
Preloading 0 native plugins for Editor in 0.00 ms.
Mono: successfully reloaded assembly
- Completed reload, in  4.149 seconds
Domain Reload Profiling:
	ReloadAssembly (4149ms)
		BeginReloadAssembly (101ms)
			ExecutionOrderSort (0ms)
			DisableScriptedObjects (0ms)
			BackupInstance (0ms)
			ReleaseScriptingObjects (0ms)
			CreateAndSetChildDomain (1ms)
		EndReloadAssembly (892ms)
			LoadAssemblies (96ms)
			RebuildTransferFunctionScriptingTraits (0ms)
			SetupTypeCache (297ms)
			ReleaseScriptCaches (0ms)
			RebuildScriptCaches (53ms)
			SetupLoadedEditorAssemblies (368ms)
				LogAssemblyErrors (0ms)
				InitializePlatformSupportModulesInManaged (7ms)
				SetLoadedEditorAssemblies (0ms)
				RefreshPlugins (127ms)
				BeforeProcessingInitializeOnLoad (14ms)
				ProcessInitializeOnLoadAttributes (168ms)
				ProcessInitializeOnLoadMethodAttributes (52ms)
				AfterProcessingInitializeOnLoad (0ms)
				EditorAssembliesLoaded (0ms)
			ExecutionOrderSort2 (0ms)
			AwakeInstancesAfterBackupRestoration (0ms)
Platform modules already initialized, skipping
Registering precompiled user dll's ...
Registered in 0.015857 seconds.
Begin MonoManager ReloadAssembly
Native extension for WindowsStandalone target not found
Refreshing native plugins compatible for Editor in 111.22 ms, found 3 plugins.
Preloading 0 native plugins for Editor in 0.00 ms.
Mono: successfully reloaded assembly
- Completed reload, in  4.053 seconds
Domain Reload Profiling:
	ReloadAssembly (4085ms)
		BeginReloadAssembly (278ms)
			ExecutionOrderSort (0ms)
			DisableScriptedObjects (8ms)
			BackupInstance (0ms)
			ReleaseScriptingObjects (0ms)
			CreateAndSetChildDomain (35ms)
		EndReloadAssembly (3685ms)
			LoadAssemblies (1355ms)
			RebuildTransferFunctionScriptingTraits (0ms)
			SetupTypeCache (856ms)
			ReleaseScriptCaches (1ms)
			RebuildScriptCaches (102ms)
			SetupLoadedEditorAssemblies (1107ms)
				LogAssemblyErrors (0ms)
				InitializePlatformSupportModulesInManaged (8ms)
				SetLoadedEditorAssemblies (0ms)
				RefreshPlugins (111ms)
				BeforeProcessingInitializeOnLoad (140ms)
				ProcessInitializeOnLoadAttributes (679ms)
				ProcessInitializeOnLoadMethodAttributes (151ms)
				AfterProcessingInitializeOnLoad (16ms)
				EditorAssembliesLoaded (0ms)
			ExecutionOrderSort2 (0ms)
			AwakeInstancesAfterBackupRestoration (14ms)
Platform modules already initialized, skipping
========================================================================
Worker process is ready to serve import requests
Launched and connected shader compiler UnityShaderCompiler.exe after 0.42 seconds
Refreshing native plugins compatible for Editor in 1.05 ms, found 3 plugins.
Preloading 0 native plugins for Editor in 0.00 ms.
Unloading 2752 Unused Serialized files (Serialized files now loaded: 0)
System memory in use before: 111.0 MB.
System memory in use after: 111.2 MB.

Unloading 33 unused Assets to reduce memory usage. Loaded Objects now: 3183.
Total: 6.660600 ms (FindLiveObjects: 0.405900 ms CreateObjectMapping: 0.205900 ms MarkObjects: 5.911500 ms  DeleteObjects: 0.134700 ms)

AssetImportParameters requested are different than current active one (requested -> active):
  custom:framework-win-MediaFoundation: 216162199b28c13a410421893ffa2e32 -> 
  custom:video-decoder-ogg-theora: a1e56fd34408186e4bbccfd4996cb3dc -> 
  custom:container-muxer-webm: aa71ff27fc2769a1b78a27578f13a17b -> 
  custom:container-demuxer-webm: 4f35f7cbe854078d1ac9338744f61a02 -> 
  custom:container-demuxer-ogg: 62fdf1f143b41e24485cea50d1cbac27 -> 
  custom:video-encoder-webm-vp8: eb34c28f22e8b96e1ab97ce403110664 -> 
  custom:video-decoder-webm-vp8: 9c59270c3fd7afecdb556c50c9e8de78 -> 
  custom:audio-decoder-ogg-vorbis: bf7c407c2cedff20999df2af8eb42d56 -> 
  custom:audio-encoder-webm-vorbis: bf7c407c2cedff20999df2af8eb42d56 -> 
========================================================================
Received Import Request.
  path: Assets/Scenes/DevScene/2112.w023.n001.1524B.p1.1524.jpg
  artifactKey: Guid(df83af4768debfd49abafe1161db4ff9) Importer(815301076,1909f56bfc062723c751e8b465ee728b)
Start importing Assets/Scenes/DevScene/2112.w023.n001.1524B.p1.1524.jpg using Guid(df83af4768debfd49abafe1161db4ff9) Importer(815301076,1909f56bfc062723c751e8b465ee728b)  -> (artifact id: '45cc5526806d8c3a0613b26c4b22351f') in 1.309003 seconds 
  Import took 1.359369 seconds .

========================================================================
Received Import Request.
  Time since last request: 0.000497 seconds.
  path: Assets/Scenes/DevScene/123Z_2012.w020.n001.932B.p15.932.jpg
  artifactKey: Guid(e5b451118bfa8a44f86809d3555448ff) Importer(815301076,1909f56bfc062723c751e8b465ee728b)
Start importing Assets/Scenes/DevScene/123Z_2012.w020.n001.932B.p15.932.jpg using Guid(e5b451118bfa8a44f86809d3555448ff) Importer(815301076,1909f56bfc062723c751e8b465ee728b)  -> (artifact id: '60d4fa6db2968c7565822f7f7186a9d2') in 0.435281 seconds 
  Import took 0.469095 seconds .

========================================================================
Received Prepare
Registering precompiled user dll's ...
Registered in 8.745174 seconds.
Begin MonoManager ReloadAssembly
Native extension for WindowsStandalone target not found
Refreshing native plugins compatible for Editor in 12.08 ms, found 3 plugins.
Preloading 0 native plugins for Editor in 0.00 ms.
Mono: successfully reloaded assembly
- Completed reload, in  7.283 seconds
Domain Reload Profiling:
	ReloadAssembly (7288ms)
		BeginReloadAssembly (1280ms)
			ExecutionOrderSort (0ms)
			DisableScriptedObjects (59ms)
			BackupInstance (0ms)
			ReleaseScriptingObjects (12ms)
			CreateAndSetChildDomain (431ms)
		EndReloadAssembly (5748ms)
			LoadAssemblies (1675ms)
			RebuildTransferFunctionScriptingTraits (0ms)
			SetupTypeCache (1740ms)
			ReleaseScriptCaches (3ms)
			RebuildScriptCaches (193ms)
			SetupLoadedEditorAssemblies (1368ms)
				LogAssemblyErrors (0ms)
				InitializePlatformSupportModulesInManaged (19ms)
				SetLoadedEditorAssemblies (3ms)
				RefreshPlugins (12ms)
				BeforeProcessingInitializeOnLoad (250ms)
				ProcessInitializeOnLoadAttributes (922ms)
				ProcessInitializeOnLoadMethodAttributes (125ms)
				AfterProcessingInitializeOnLoad (22ms)
				EditorAssembliesLoaded (14ms)
			ExecutionOrderSort2 (0ms)
			AwakeInstancesAfterBackupRestoration (34ms)
Platform modules already initialized, skipping
Switching build target platform(19) subTarget(0) extendedPlatform(0) -> platform(13) subTarget(537395200) extendedPlatform(0)
Refreshing native plugins compatible for Editor in 1.97 ms, found 3 plugins.
Preloading 0 native plugins for Editor in 0.00 ms.
Unloading 2743 Unused Serialized files (Serialized files now loaded: 0)
System memory in use before: 113.2 MB.
System memory in use after: 113.4 MB.

Unloading 22 unused Assets to reduce memory usage. Loaded Objects now: 3193.
Total: 85.406300 ms (FindLiveObjects: 1.750000 ms CreateObjectMapping: 1.241600 ms MarkObjects: 82.314500 ms  DeleteObjects: 0.089400 ms)

AssetImportParameters requested are different than current active one (requested -> active):
  custom:framework-win-MediaFoundation: 216162199b28c13a410421893ffa2e32 -> 
  custom:video-decoder-ogg-theora: a1e56fd34408186e4bbccfd4996cb3dc -> 
  custom:container-muxer-webm: aa71ff27fc2769a1b78a27578f13a17b -> 
  custom:container-demuxer-webm: 4f35f7cbe854078d1ac9338744f61a02 -> 
  custom:container-demuxer-ogg: 62fdf1f143b41e24485cea50d1cbac27 -> 
  custom:video-encoder-webm-vp8: eb34c28f22e8b96e1ab97ce403110664 -> 
  custom:video-decoder-webm-vp8: 9c59270c3fd7afecdb556c50c9e8de78 -> 
  custom:graphics/normal-map-encoding: 01000000000000000000000000000000 -> 02000000000000000000000000000000
  custom:audio-decoder-ogg-vorbis: bf7c407c2cedff20999df2af8eb42d56 -> 
  custom:audio-encoder-webm-vorbis: bf7c407c2cedff20999df2af8eb42d56 -> 
========================================================================
Received Import Request.
  Time since last request: 2085.619718 seconds.
  path: Assets/Scenes/DevScene/10093.jpg
  artifactKey: Guid(540eeb2f5b5b7094bbf64b5d9c983ee0) Importer(815301076,1909f56bfc062723c751e8b465ee728b)
Start importing Assets/Scenes/DevScene/10093.jpg using Guid(540eeb2f5b5b7094bbf64b5d9c983ee0) Importer(815301076,1909f56bfc062723c751e8b465ee728b)  -> (artifact id: 'cc6357cf0511a18aafae6164bbdbba70') in 9.011497 seconds 
  Import took 14.961953 seconds .

========================================================================
Received Import Request.
  Time since last request: 1076.870882 seconds.
  path: Assets/Scenes/DevScene/23.png
  artifactKey: Guid(51a829837014d5e449ede9f5a3b7e2b4) Importer(815301076,1909f56bfc062723c751e8b465ee728b)
Start importing Assets/Scenes/DevScene/23.png using Guid(51a829837014d5e449ede9f5a3b7e2b4) Importer(815301076,1909f56bfc062723c751e8b465ee728b)  -> (artifact id: '367a85b84cc3295d5a9c061460c92649') in 4.996215 seconds 
  Import took 18.877933 seconds .

========================================================================
Received Prepare
Registering precompiled user dll's ...
Registered in 0.381091 seconds.
Begin MonoManager ReloadAssembly
Native extension for WindowsStandalone target not found
Refreshing native plugins compatible for Editor in 2.15 ms, found 3 plugins.
Preloading 0 native plugins for Editor in 0.00 ms.
Mono: successfully reloaded assembly
- Completed reload, in 26.293 seconds
Domain Reload Profiling:
	ReloadAssembly (26617ms)
		BeginReloadAssembly (12808ms)
			ExecutionOrderSort (12ms)
			DisableScriptedObjects (2332ms)
			BackupInstance (0ms)
			ReleaseScriptingObjects (0ms)
			CreateAndSetChildDomain (8221ms)
		EndReloadAssembly (12032ms)
			LoadAssemblies (5991ms)
			RebuildTransferFunctionScriptingTraits (0ms)
			SetupTypeCache (2202ms)
			ReleaseScriptCaches (27ms)
			RebuildScriptCaches (249ms)
			SetupLoadedEditorAssemblies (2271ms)
				LogAssemblyErrors (0ms)
				InitializePlatformSupportModulesInManaged (151ms)
				SetLoadedEditorAssemblies (13ms)
				RefreshPlugins (2ms)
				BeforeProcessingInitializeOnLoad (160ms)
				ProcessInitializeOnLoadAttributes (1545ms)
				ProcessInitializeOnLoadMethodAttributes (377ms)
				AfterProcessingInitializeOnLoad (21ms)
				EditorAssembliesLoaded (0ms)
			ExecutionOrderSort2 (0ms)
			AwakeInstancesAfterBackupRestoration (235ms)
Platform modules already initialized, skipping
Switching build target platform(19) subTarget(0) extendedPlatform(0) -> platform(13) subTarget(537395200) extendedPlatform(0)
Refreshing native plugins compatible for Editor in 1.78 ms, found 3 plugins.
Preloading 0 native plugins for Editor in 0.00 ms.
Unloading 2743 Unused Serialized files (Serialized files now loaded: 0)
System memory in use before: 113.3 MB.
System memory in use after: 113.5 MB.

Unloading 22 unused Assets to reduce memory usage. Loaded Objects now: 3200.
Total: 69.154600 ms (FindLiveObjects: 0.600000 ms CreateObjectMapping: 0.286400 ms MarkObjects: 20.034500 ms  DeleteObjects: 48.230400 ms)

AssetImportParameters requested are different than current active one (requested -> active):
  custom:framework-win-MediaFoundation: 216162199b28c13a410421893ffa2e32 -> 
  custom:video-decoder-ogg-theora: a1e56fd34408186e4bbccfd4996cb3dc -> 
  custom:container-muxer-webm: aa71ff27fc2769a1b78a27578f13a17b -> 
  custom:container-demuxer-webm: 4f35f7cbe854078d1ac9338744f61a02 -> 
  custom:container-demuxer-ogg: 62fdf1f143b41e24485cea50d1cbac27 -> 
  custom:video-encoder-webm-vp8: eb34c28f22e8b96e1ab97ce403110664 -> 
  custom:video-decoder-webm-vp8: 9c59270c3fd7afecdb556c50c9e8de78 -> 
  custom:graphics/normal-map-encoding: 01000000000000000000000000000000 -> 02000000000000000000000000000000
  custom:audio-decoder-ogg-vorbis: bf7c407c2cedff20999df2af8eb42d56 -> 
  custom:audio-encoder-webm-vorbis: bf7c407c2cedff20999df2af8eb42d56 -> 
========================================================================
Received Import Request.
  Time since last request: 2284.598061 seconds.
  path: Assets/Prefabes/Players/Player.prefab
  artifactKey: Guid(1138c0391659a38438ba820994057d03) Importer(815301076,1909f56bfc062723c751e8b465ee728b)
Start importing Assets/Prefabes/Players/Player.prefab using Guid(1138c0391659a38438ba820994057d03) Importer(815301076,1909f56bfc062723c751e8b465ee728b)  -> (artifact id: '5c9d89db0192a2479652ef011fe3373b') in 13.308391 seconds 
  Import took 13.520465 seconds .

========================================================================
Received Import Request.
  Time since last request: 1127.993370 seconds.
  path: Assets/Scenes/DevScene/Desert Levels/24.png
  artifactKey: Guid(fd95f706b7227104c82e3ca23eecdb6f) Importer(815301076,1909f56bfc062723c751e8b465ee728b)
Start importing Assets/Scenes/DevScene/Desert Levels/24.png using Guid(fd95f706b7227104c82e3ca23eecdb6f) Importer(815301076,1909f56bfc062723c751e8b465ee728b)  -> (artifact id: '7ebeeb2615359485d61e8c5c2bdc5459') in 2.319170 seconds 
  Import took 2.475959 seconds .

========================================================================
Received Import Request.
  Time since last request: 3.186249 seconds.
  path: Assets/Scenes/DevScene/Memu.unity
  artifactKey: Guid(745f5dddfc195e84da9f034015a413ce) Importer(815301076,1909f56bfc062723c751e8b465ee728b)
Start importing Assets/Scenes/DevScene/Memu.unity using Guid(745f5dddfc195e84da9f034015a413ce) Importer(815301076,1909f56bfc062723c751e8b465ee728b)  -> (artifact id: 'c5b0370cab2b8399e7e0eb993679c7c3') in 0.120024 seconds 
  Import took 0.155558 seconds .

========================================================================
Received Import Request.
  Time since last request: 1274.562409 seconds.
  path: Assets/Scenes/DevScene/Desert Levels/123.png
  artifactKey: Guid(c8d6384ac2102ae4cb117b2c265ba942) Importer(815301076,1909f56bfc062723c751e8b465ee728b)
Start importing Assets/Scenes/DevScene/Desert Levels/123.png using Guid(c8d6384ac2102ae4cb117b2c265ba942) Importer(815301076,1909f56bfc062723c751e8b465ee728b)  -> (artifact id: '9ea6237de8be906d6088fe392cd800bc') in 0.253576 seconds 
  Import took 0.330997 seconds .

========================================================================
Received Import Request.
  Time since last request: 937.447166 seconds.
  path: Assets/Scenes/DevScene/Desert Levels/шар.png
  artifactKey: Guid(1b5c3b33ea161c248b89ce92fc92c020) Importer(815301076,1909f56bfc062723c751e8b465ee728b)
Start importing Assets/Scenes/DevScene/Desert Levels/шар.png using Guid(1b5c3b33ea161c248b89ce92fc92c020) Importer(815301076,1909f56bfc062723c751e8b465ee728b)  -> (artifact id: '795b8d418d275d71aabc4d19732f1900') in 0.169282 seconds 
  Import took 0.218357 seconds .

========================================================================
Received Import Request.
  Time since last request: 938.645476 seconds.
  path: Assets/Scenes/DevScene/Desert Levels/шар1.png
  artifactKey: Guid(26b6710d3bebe1e4786a6ef8b3467250) Importer(815301076,1909f56bfc062723c751e8b465ee728b)
Start importing Assets/Scenes/DevScene/Desert Levels/шар1.png using Guid(26b6710d3bebe1e4786a6ef8b3467250) Importer(815301076,1909f56bfc062723c751e8b465ee728b)  -> (artifact id: 'cb574b3cef939a38e7398bbb7ab77394') in 0.313619 seconds 
  Import took 0.377950 seconds .

========================================================================
Received Import Request.
  Time since last request: 44.853508 seconds.
  path: Assets/Scenes/DevScene/Memu.unity
  artifactKey: Guid(745f5dddfc195e84da9f034015a413ce) Importer(815301076,1909f56bfc062723c751e8b465ee728b)
Start importing Assets/Scenes/DevScene/Memu.unity using Guid(745f5dddfc195e84da9f034015a413ce) Importer(815301076,1909f56bfc062723c751e8b465ee728b)  -> (artifact id: '793484440bd53fffa9a2b925a572a4ea') in 0.029070 seconds 
  Import took 0.038622 seconds .

========================================================================
Received Prepare
Registering precompiled user dll's ...
Registered in 0.055727 seconds.
Begin MonoManager ReloadAssembly
Native extension for WindowsStandalone target not found
Refreshing native plugins compatible for Editor in 1.05 ms, found 3 plugins.
Preloading 0 native plugins for Editor in 0.00 ms.
Mono: successfully reloaded assembly
- Completed reload, in 22.562 seconds
Domain Reload Profiling:
	ReloadAssembly (22600ms)
		BeginReloadAssembly (18418ms)
			ExecutionOrderSort (0ms)
			DisableScriptedObjects (1681ms)
			BackupInstance (0ms)
			ReleaseScriptingObjects (15ms)
			CreateAndSetChildDomain (15165ms)
		EndReloadAssembly (3772ms)
			LoadAssemblies (687ms)
			RebuildTransferFunctionScriptingTraits (0ms)
			SetupTypeCache (1092ms)
			ReleaseScriptCaches (2ms)
			RebuildScriptCaches (82ms)
			SetupLoadedEditorAssemblies (1329ms)
				LogAssemblyErrors (0ms)
				InitializePlatformSupportModulesInManaged (55ms)
				SetLoadedEditorAssemblies (22ms)
				RefreshPlugins (1ms)
				BeforeProcessingInitializeOnLoad (159ms)
				ProcessInitializeOnLoadAttributes (1013ms)
				ProcessInitializeOnLoadMethodAttributes (64ms)
				AfterProcessingInitializeOnLoad (14ms)
				EditorAssembliesLoaded (0ms)
			ExecutionOrderSort2 (0ms)
			AwakeInstancesAfterBackupRestoration (17ms)
Platform modules already initialized, skipping
Switching build target platform(19) subTarget(0) extendedPlatform(0) -> platform(13) subTarget(537395200) extendedPlatform(0)
Refreshing native plugins compatible for Editor in 1.00 ms, found 3 plugins.
Preloading 0 native plugins for Editor in 0.00 ms.
Unloading 2743 Unused Serialized files (Serialized files now loaded: 0)
System memory in use before: 113.4 MB.
System memory in use after: 113.7 MB.

Unloading 22 unused Assets to reduce memory usage. Loaded Objects now: 3213.
Total: 6.643500 ms (FindLiveObjects: 0.438100 ms CreateObjectMapping: 0.256000 ms MarkObjects: 5.901200 ms  DeleteObjects: 0.046500 ms)

AssetImportParameters requested are different than current active one (requested -> active):
  custom:framework-win-MediaFoundation: 216162199b28c13a410421893ffa2e32 -> 
  custom:video-decoder-ogg-theora: a1e56fd34408186e4bbccfd4996cb3dc -> 
  custom:container-muxer-webm: aa71ff27fc2769a1b78a27578f13a17b -> 
  custom:container-demuxer-webm: 4f35f7cbe854078d1ac9338744f61a02 -> 
  custom:container-demuxer-ogg: 62fdf1f143b41e24485cea50d1cbac27 -> 
  custom:video-encoder-webm-vp8: eb34c28f22e8b96e1ab97ce403110664 -> 
  custom:video-decoder-webm-vp8: 9c59270c3fd7afecdb556c50c9e8de78 -> 
  custom:graphics/normal-map-encoding: 01000000000000000000000000000000 -> 02000000000000000000000000000000
  custom:audio-decoder-ogg-vorbis: bf7c407c2cedff20999df2af8eb42d56 -> 
  custom:audio-encoder-webm-vorbis: bf7c407c2cedff20999df2af8eb42d56 -> 
========================================================================
Received Prepare
Registering precompiled user dll's ...
Registered in 7.409282 seconds.
Begin MonoManager ReloadAssembly
Native extension for WindowsStandalone target not found
Refreshing native plugins compatible for Editor in 1.07 ms, found 3 plugins.
Preloading 0 native plugins for Editor in 0.00 ms.
Mono: successfully reloaded assembly
- Completed reload, in  5.292 seconds
Domain Reload Profiling:
	ReloadAssembly (5308ms)
		BeginReloadAssembly (665ms)
			ExecutionOrderSort (0ms)
			DisableScriptedObjects (67ms)
			BackupInstance (0ms)
			ReleaseScriptingObjects (0ms)
			CreateAndSetChildDomain (124ms)
		EndReloadAssembly (4342ms)
			LoadAssemblies (1932ms)
			RebuildTransferFunctionScriptingTraits (0ms)
			SetupTypeCache (1187ms)
			ReleaseScriptCaches (2ms)
			RebuildScriptCaches (100ms)
			SetupLoadedEditorAssemblies (882ms)
				LogAssemblyErrors (0ms)
				InitializePlatformSupportModulesInManaged (26ms)
				SetLoadedEditorAssemblies (1ms)
				RefreshPlugins (1ms)
				BeforeProcessingInitializeOnLoad (124ms)
				ProcessInitializeOnLoadAttributes (623ms)
				ProcessInitializeOnLoadMethodAttributes (79ms)
				AfterProcessingInitializeOnLoad (13ms)
				EditorAssembliesLoaded (15ms)
			ExecutionOrderSort2 (0ms)
			AwakeInstancesAfterBackupRestoration (16ms)
Platform modules already initialized, skipping
Switching build target platform(19) subTarget(0) extendedPlatform(0) -> platform(13) subTarget(537395200) extendedPlatform(0)
Refreshing native plugins compatible for Editor in 0.93 ms, found 3 plugins.
Preloading 0 native plugins for Editor in 0.00 ms.
Unloading 2743 Unused Serialized files (Serialized files now loaded: 0)
System memory in use before: 113.5 MB.
System memory in use after: 113.7 MB.

Unloading 22 unused Assets to reduce memory usage. Loaded Objects now: 3215.
Total: 6.695000 ms (FindLiveObjects: 0.703600 ms CreateObjectMapping: 0.334300 ms MarkObjects: 5.616100 ms  DeleteObjects: 0.038800 ms)

AssetImportParameters requested are different than current active one (requested -> active):
  custom:framework-win-MediaFoundation: 216162199b28c13a410421893ffa2e32 -> 
  custom:video-decoder-ogg-theora: a1e56fd34408186e4bbccfd4996cb3dc -> 
  custom:container-muxer-webm: aa71ff27fc2769a1b78a27578f13a17b -> 
  custom:container-demuxer-webm: 4f35f7cbe854078d1ac9338744f61a02 -> 
  custom:container-demuxer-ogg: 62fdf1f143b41e24485cea50d1cbac27 -> 
  custom:video-encoder-webm-vp8: eb34c28f22e8b96e1ab97ce403110664 -> 
  custom:video-decoder-webm-vp8: 9c59270c3fd7afecdb556c50c9e8de78 -> 
  custom:graphics/normal-map-encoding: 01000000000000000000000000000000 -> 02000000000000000000000000000000
  custom:audio-decoder-ogg-vorbis: bf7c407c2cedff20999df2af8eb42d56 -> 
  custom:audio-encoder-webm-vorbis: bf7c407c2cedff20999df2af8eb42d56 -> 
========================================================================
Received Import Request.
  Time since last request: 4536.255178 seconds.
  path: Assets/Sprites/Menu
  artifactKey: Guid(1058a55f71f508f46bc6f19e6f2a394c) Importer(815301076,1909f56bfc062723c751e8b465ee728b)
Start importing Assets/Sprites/Menu using Guid(1058a55f71f508f46bc6f19e6f2a394c) Importer(815301076,1909f56bfc062723c751e8b465ee728b)  -> (artifact id: '5b350ce68bf7173fdefd5c838d1b0f49') in 0.301268 seconds 
  Import took 0.687301 seconds .

========================================================================
Received Import Request.
  Time since last request: 3.487575 seconds.
  path: Assets/Sprites/Menu/settings
  artifactKey: Guid(14f5a0098c073814285da0a1a4bd38e7) Importer(815301076,1909f56bfc062723c751e8b465ee728b)
Start importing Assets/Sprites/Menu/settings using Guid(14f5a0098c073814285da0a1a4bd38e7) Importer(815301076,1909f56bfc062723c751e8b465ee728b)  -> (artifact id: '8808f1eca6d57423510523471c85c13a') in 0.010923 seconds 
  Import took 0.111926 seconds .

========================================================================
Received Import Request.
  Time since last request: 594.560663 seconds.
  path: Assets/Sprites/Menu/shop
  artifactKey: Guid(2f0b3c2fcec8c5e4f95ef2a019e5bc33) Importer(815301076,1909f56bfc062723c751e8b465ee728b)
Start importing Assets/Sprites/Menu/shop using Guid(2f0b3c2fcec8c5e4f95ef2a019e5bc33) Importer(815301076,1909f56bfc062723c751e8b465ee728b)  -> (artifact id: '6e24d0c139021fd72661de6f6d2bd6ce') in 0.087945 seconds 
  Import took 0.148712 seconds .

========================================================================
Received Import Request.
  Time since last request: 261.231966 seconds.
  path: Assets/Sprites/Menu/shop/1111.png
  artifactKey: Guid(51ea385655f5f60419c967bf0a653132) Importer(815301076,1909f56bfc062723c751e8b465ee728b)
Start importing Assets/Sprites/Menu/shop/1111.png using Guid(51ea385655f5f60419c967bf0a653132) Importer(815301076,1909f56bfc062723c751e8b465ee728b)  -> (artifact id: '964eec6ff5dec2775b03cf337574155a') in 12.706813 seconds 
  Import took 12.947580 seconds .

========================================================================
Received Prepare
Registering precompiled user dll's ...
Registered in 0.107630 seconds.
Begin MonoManager ReloadAssembly
Native extension for WindowsStandalone target not found
Refreshing native plugins compatible for Editor in 1.06 ms, found 3 plugins.
Preloading 0 native plugins for Editor in 0.00 ms.
Mono: successfully reloaded assembly
- Completed reload, in  9.326 seconds
Domain Reload Profiling:
	ReloadAssembly (9530ms)
		BeginReloadAssembly (4250ms)
			ExecutionOrderSort (0ms)
			DisableScriptedObjects (830ms)
			BackupInstance (0ms)
			ReleaseScriptingObjects (22ms)
			CreateAndSetChildDomain (2342ms)
		EndReloadAssembly (4923ms)
			LoadAssemblies (1870ms)
			RebuildTransferFunctionScriptingTraits (0ms)
			SetupTypeCache (1224ms)
			ReleaseScriptCaches (2ms)
			RebuildScriptCaches (81ms)
			SetupLoadedEditorAssemblies (999ms)
				LogAssemblyErrors (0ms)
				InitializePlatformSupportModulesInManaged (10ms)
				SetLoadedEditorAssemblies (1ms)
				RefreshPlugins (1ms)
				BeforeProcessingInitializeOnLoad (138ms)
				ProcessInitializeOnLoadAttributes (715ms)
				ProcessInitializeOnLoadMethodAttributes (121ms)
				AfterProcessingInitializeOnLoad (13ms)
				EditorAssembliesLoaded (0ms)
			ExecutionOrderSort2 (0ms)
			AwakeInstancesAfterBackupRestoration (28ms)
Platform modules already initialized, skipping
Switching build target platform(19) subTarget(0) extendedPlatform(0) -> platform(13) subTarget(537395200) extendedPlatform(0)
Refreshing native plugins compatible for Editor in 1.03 ms, found 3 plugins.
Preloading 0 native plugins for Editor in 0.00 ms.
Unloading 2743 Unused Serialized files (Serialized files now loaded: 0)
System memory in use before: 113.5 MB.
System memory in use after: 113.7 MB.

Unloading 22 unused Assets to reduce memory usage. Loaded Objects now: 3220.
Total: 6.310900 ms (FindLiveObjects: 0.438200 ms CreateObjectMapping: 0.250700 ms MarkObjects: 5.575400 ms  DeleteObjects: 0.044500 ms)

AssetImportParameters requested are different than current active one (requested -> active):
  custom:framework-win-MediaFoundation: 216162199b28c13a410421893ffa2e32 -> 
  custom:video-decoder-ogg-theora: a1e56fd34408186e4bbccfd4996cb3dc -> 
  custom:container-muxer-webm: aa71ff27fc2769a1b78a27578f13a17b -> 
  custom:container-demuxer-webm: 4f35f7cbe854078d1ac9338744f61a02 -> 
  custom:container-demuxer-ogg: 62fdf1f143b41e24485cea50d1cbac27 -> 
  custom:video-encoder-webm-vp8: eb34c28f22e8b96e1ab97ce403110664 -> 
  custom:video-decoder-webm-vp8: 9c59270c3fd7afecdb556c50c9e8de78 -> 
  custom:graphics/normal-map-encoding: 01000000000000000000000000000000 -> 02000000000000000000000000000000
  custom:audio-decoder-ogg-vorbis: bf7c407c2cedff20999df2af8eb42d56 -> 
  custom:audio-encoder-webm-vorbis: bf7c407c2cedff20999df2af8eb42d56 -> 
========================================================================
Received Import Request.
  Time since last request: 445.450998 seconds.
  path: Assets/Scenes/DevScene/Memu.unity
  artifactKey: Guid(745f5dddfc195e84da9f034015a413ce) Importer(815301076,1909f56bfc062723c751e8b465ee728b)
Start importing Assets/Scenes/DevScene/Memu.unity using Guid(745f5dddfc195e84da9f034015a413ce) Importer(815301076,1909f56bfc062723c751e8b465ee728b)  -> (artifact id: '7aa1e1623677138351f2209c8b87d537') in 0.022717 seconds 
  Import took 0.070914 seconds .

========================================================================
Received Prepare
Registering precompiled user dll's ...
Registered in 0.132728 seconds.
Begin MonoManager ReloadAssembly
Native extension for WindowsStandalone target not found
Refreshing native plugins compatible for Editor in 0.98 ms, found 3 plugins.
Preloading 0 native plugins for Editor in 0.00 ms.
Mono: successfully reloaded assembly
- Completed reload, in  3.386 seconds
Domain Reload Profiling:
	ReloadAssembly (3386ms)
		BeginReloadAssembly (334ms)
			ExecutionOrderSort (0ms)
			DisableScriptedObjects (18ms)
			BackupInstance (0ms)
			ReleaseScriptingObjects (0ms)
			CreateAndSetChildDomain (72ms)
		EndReloadAssembly (2647ms)
			LoadAssemblies (543ms)
			RebuildTransferFunctionScriptingTraits (0ms)
			SetupTypeCache (1038ms)
			ReleaseScriptCaches (2ms)
			RebuildScriptCaches (76ms)
			SetupLoadedEditorAssemblies (749ms)
				LogAssemblyErrors (0ms)
				InitializePlatformSupportModulesInManaged (9ms)
				SetLoadedEditorAssemblies (1ms)
				RefreshPlugins (1ms)
				BeforeProcessingInitializeOnLoad (150ms)
				ProcessInitializeOnLoadAttributes (555ms)
				ProcessInitializeOnLoadMethodAttributes (20ms)
				AfterProcessingInitializeOnLoad (12ms)
				EditorAssembliesLoaded (0ms)
			ExecutionOrderSort2 (0ms)
			AwakeInstancesAfterBackupRestoration (16ms)
Platform modules already initialized, skipping
Switching build target platform(19) subTarget(0) extendedPlatform(0) -> platform(13) subTarget(537395200) extendedPlatform(0)
Refreshing native plugins compatible for Editor in 1.72 ms, found 3 plugins.
Preloading 0 native plugins for Editor in 0.00 ms.
Unloading 2743 Unused Serialized files (Serialized files now loaded: 0)
System memory in use before: 113.5 MB.
System memory in use after: 113.7 MB.

Unloading 22 unused Assets to reduce memory usage. Loaded Objects now: 3222.
Total: 6.524600 ms (FindLiveObjects: 0.399200 ms CreateObjectMapping: 0.206900 ms MarkObjects: 5.878500 ms  DeleteObjects: 0.038100 ms)

AssetImportParameters requested are different than current active one (requested -> active):
  custom:framework-win-MediaFoundation: 216162199b28c13a410421893ffa2e32 -> 
  custom:video-decoder-ogg-theora: a1e56fd34408186e4bbccfd4996cb3dc -> 
  custom:container-muxer-webm: aa71ff27fc2769a1b78a27578f13a17b -> 
  custom:container-demuxer-webm: 4f35f7cbe854078d1ac9338744f61a02 -> 
  custom:container-demuxer-ogg: 62fdf1f143b41e24485cea50d1cbac27 -> 
  custom:video-encoder-webm-vp8: eb34c28f22e8b96e1ab97ce403110664 -> 
  custom:video-decoder-webm-vp8: 9c59270c3fd7afecdb556c50c9e8de78 -> 
  custom:graphics/normal-map-encoding: 01000000000000000000000000000000 -> 02000000000000000000000000000000
  custom:audio-decoder-ogg-vorbis: bf7c407c2cedff20999df2af8eb42d56 -> 
  custom:audio-encoder-webm-vorbis: bf7c407c2cedff20999df2af8eb42d56 -> 
========================================================================
Received Import Request.
  Time since last request: 202.130502 seconds.
  path: Assets/Scenes/DevScene/Memu.unity
  artifactKey: Guid(745f5dddfc195e84da9f034015a413ce) Importer(815301076,1909f56bfc062723c751e8b465ee728b)
Start importing Assets/Scenes/DevScene/Memu.unity using Guid(745f5dddfc195e84da9f034015a413ce) Importer(815301076,1909f56bfc062723c751e8b465ee728b)  -> (artifact id: '1da9a5bf010fb0a88027ae362efc7565') in 0.020798 seconds 
  Import took 0.189719 seconds .

========================================================================
Received Import Request.
  Time since last request: 428.670844 seconds.
  path: Assets/Scenes/DevScene/Memu.unity
  artifactKey: Guid(745f5dddfc195e84da9f034015a413ce) Importer(815301076,1909f56bfc062723c751e8b465ee728b)
Start importing Assets/Scenes/DevScene/Memu.unity using Guid(745f5dddfc195e84da9f034015a413ce) Importer(815301076,1909f56bfc062723c751e8b465ee728b)  -> (artifact id: 'b6596bb009d51a89a98ed2f249703be5') in 0.024286 seconds 
  Import took 0.081854 seconds .

========================================================================
Received Import Request.
  Time since last request: 79.419727 seconds.
  path: Assets/Scenes/DevScene/Desert Levels/Levels_1.unity
  artifactKey: Guid(ee1e6df66d8dee74d9ee9fce5b090988) Importer(815301076,1909f56bfc062723c751e8b465ee728b)
Start importing Assets/Scenes/DevScene/Desert Levels/Levels_1.unity using Guid(ee1e6df66d8dee74d9ee9fce5b090988) Importer(815301076,1909f56bfc062723c751e8b465ee728b)  -> (artifact id: '5549ad4ae799e24fa43e5a4ff6a84a6f') in 0.035526 seconds 
  Import took 0.064651 seconds .

========================================================================
Received Prepare
Registering precompiled user dll's ...
Registered in 0.778190 seconds.
Begin MonoManager ReloadAssembly
Native extension for WindowsStandalone target not found
Refreshing native plugins compatible for Editor in 1.02 ms, found 3 plugins.
Preloading 0 native plugins for Editor in 0.00 ms.
Mono: successfully reloaded assembly
- Completed reload, in  2.514 seconds
Domain Reload Profiling:
	ReloadAssembly (2515ms)
		BeginReloadAssembly (301ms)
			ExecutionOrderSort (0ms)
			DisableScriptedObjects (11ms)
			BackupInstance (0ms)
			ReleaseScriptingObjects (0ms)
			CreateAndSetChildDomain (163ms)
		EndReloadAssembly (2096ms)
			LoadAssemblies (178ms)
			RebuildTransferFunctionScriptingTraits (0ms)
			SetupTypeCache (686ms)
			ReleaseScriptCaches (2ms)
			RebuildScriptCaches (79ms)
			SetupLoadedEditorAssemblies (745ms)
				LogAssemblyErrors (0ms)
				InitializePlatformSupportModulesInManaged (10ms)
				SetLoadedEditorAssemblies (1ms)
				RefreshPlugins (1ms)
				BeforeProcessingInitializeOnLoad (150ms)
				ProcessInitializeOnLoadAttributes (525ms)
				ProcessInitializeOnLoadMethodAttributes (41ms)
				AfterProcessingInitializeOnLoad (15ms)
				EditorAssembliesLoaded (0ms)
			ExecutionOrderSort2 (0ms)
			AwakeInstancesAfterBackupRestoration (17ms)
Platform modules already initialized, skipping
Switching build target platform(19) subTarget(0) extendedPlatform(0) -> platform(13) subTarget(537395200) extendedPlatform(0)
Refreshing native plugins compatible for Editor in 1.60 ms, found 3 plugins.
Preloading 0 native plugins for Editor in 0.00 ms.
Unloading 2743 Unused Serialized files (Serialized files now loaded: 0)
System memory in use before: 113.5 MB.
System memory in use after: 113.7 MB.

Unloading 22 unused Assets to reduce memory usage. Loaded Objects now: 3224.
Total: 8.009700 ms (FindLiveObjects: 1.725000 ms CreateObjectMapping: 0.501600 ms MarkObjects: 5.740000 ms  DeleteObjects: 0.040500 ms)

AssetImportParameters requested are different than current active one (requested -> active):
  custom:framework-win-MediaFoundation: 216162199b28c13a410421893ffa2e32 -> 
  custom:video-decoder-ogg-theora: a1e56fd34408186e4bbccfd4996cb3dc -> 
  custom:container-muxer-webm: aa71ff27fc2769a1b78a27578f13a17b -> 
  custom:container-demuxer-webm: 4f35f7cbe854078d1ac9338744f61a02 -> 
  custom:container-demuxer-ogg: 62fdf1f143b41e24485cea50d1cbac27 -> 
  custom:video-encoder-webm-vp8: eb34c28f22e8b96e1ab97ce403110664 -> 
  custom:video-decoder-webm-vp8: 9c59270c3fd7afecdb556c50c9e8de78 -> 
  custom:graphics/normal-map-encoding: 01000000000000000000000000000000 -> 02000000000000000000000000000000
  custom:audio-decoder-ogg-vorbis: bf7c407c2cedff20999df2af8eb42d56 -> 
  custom:audio-encoder-webm-vorbis: bf7c407c2cedff20999df2af8eb42d56 -> 
========================================================================
Received Import Request.
  Time since last request: 2793.124797 seconds.
  path: Assets/Prefabes/Environment/WorldBorders.prefab
  artifactKey: Guid(6f968bf42149c89499eabcd119bbd9a7) Importer(815301076,1909f56bfc062723c751e8b465ee728b)
Start importing Assets/Prefabes/Environment/WorldBorders.prefab using Guid(6f968bf42149c89499eabcd119bbd9a7) Importer(815301076,1909f56bfc062723c751e8b465ee728b)  -> (artifact id: 'bc254cae26f4f09ed5860e8e156d70d1') in 60.980563 seconds 
  Import took 66.360550 seconds .

========================================================================
Received Import Request.
  Time since last request: 0.016346 seconds.
  path: Assets/Music pack/4 - Darker shade of courage.wav
  artifactKey: Guid(e2007f747b5ff42d18e90810a3b1d78c) Importer(815301076,1909f56bfc062723c751e8b465ee728b)
Start importing Assets/Music pack/4 - Darker shade of courage.wav using Guid(e2007f747b5ff42d18e90810a3b1d78c) Importer(815301076,1909f56bfc062723c751e8b465ee728b)  -> (artifact id: '76dd13e2ca4b5b12dc6764be68014032') in 9.486429 seconds 
  Import took 9.527878 seconds .

========================================================================
Received Import Request.
  Time since last request: 0.000484 seconds.
  path: Assets/Music pack/7 - Mild Risk Ahead.wav
  artifactKey: Guid(a38893aed5c7d49d6a05b91b06cb3297) Importer(815301076,1909f56bfc062723c751e8b465ee728b)
Start importing Assets/Music pack/7 - Mild Risk Ahead.wav using Guid(a38893aed5c7d49d6a05b91b06cb3297) Importer(815301076,1909f56bfc062723c751e8b465ee728b)  -> (artifact id: '9ad6962065fa7e88ca959dabab2de389') in 0.407272 seconds 
  Import took 0.464595 seconds .

========================================================================
Received Import Request.
  Time since last request: 0.000408 seconds.
  path: Assets/Music pack/6 - Cheerful promises.wav
  artifactKey: Guid(e1a850a6e482341809bb89d790b12bdc) Importer(815301076,1909f56bfc062723c751e8b465ee728b)
Start importing Assets/Music pack/6 - Cheerful promises.wav using Guid(e1a850a6e482341809bb89d790b12bdc) Importer(815301076,1909f56bfc062723c751e8b465ee728b)  -> (artifact id: '9c5e8e0722709cba381d64595468eee6') in 0.178491 seconds 
  Import took 0.206875 seconds .

========================================================================
Received Import Request.
  Time since last request: 0.000438 seconds.
  path: Assets/Music pack/8 - Melancholic flavors.wav
  artifactKey: Guid(d2bdf8b60a6cf43389caa1b8609b6b90) Importer(815301076,1909f56bfc062723c751e8b465ee728b)
Start importing Assets/Music pack/8 - Melancholic flavors.wav using Guid(d2bdf8b60a6cf43389caa1b8609b6b90) Importer(815301076,1909f56bfc062723c751e8b465ee728b)  -> (artifact id: 'a9043a8028215de05ee34fba10c459c2') in 0.163061 seconds 
  Import took 0.245843 seconds .

========================================================================
Received Import Request.
  Time since last request: 0.000432 seconds.
  path: Assets/Music pack/5 - Hopeful Thoughts.wav
  artifactKey: Guid(3a62dbd2568e24953bf9b18c4bf549a1) Importer(815301076,1909f56bfc062723c751e8b465ee728b)
Start importing Assets/Music pack/5 - Hopeful Thoughts.wav using Guid(3a62dbd2568e24953bf9b18c4bf549a1) Importer(815301076,1909f56bfc062723c751e8b465ee728b)  -> (artifact id: '35dc3d005181b760759be01eb6ebec16') in 0.255841 seconds 
  Import took 0.306146 seconds .

========================================================================
Received Import Request.
  Time since last request: 0.000340 seconds.
  path: Assets/Music pack/3 - Happy adventure.wav
  artifactKey: Guid(7fc4a159011dc44048889e9a303227e6) Importer(815301076,1909f56bfc062723c751e8b465ee728b)
Start importing Assets/Music pack/3 - Happy adventure.wav using Guid(7fc4a159011dc44048889e9a303227e6) Importer(815301076,1909f56bfc062723c751e8b465ee728b)  -> (artifact id: '9ab9da4ac4e4e9ec196defe5a18ab48c') in 0.141476 seconds 
  Import took 0.307961 seconds .

========================================================================
Received Import Request.
  Time since last request: 0.000501 seconds.
  path: Assets/Music pack/2 - Mellow beginnings.wav
  artifactKey: Guid(430702b74da8a44d0bb807fa59a6be0a) Importer(815301076,1909f56bfc062723c751e8b465ee728b)
Start importing Assets/Music pack/2 - Mellow beginnings.wav using Guid(430702b74da8a44d0bb807fa59a6be0a) Importer(815301076,1909f56bfc062723c751e8b465ee728b)  -> (artifact id: 'f9415a21b20689bdec7a9e4f3ef4f062') in 0.161760 seconds 
  Import took 0.221754 seconds .

========================================================================
Received Import Request.
  Time since last request: 0.000380 seconds.
  path: Assets/Music pack/1 - Joyful Journey.wav
  artifactKey: Guid(6c0daadf9ea964c6a9605ddcf46b5b0e) Importer(815301076,1909f56bfc062723c751e8b465ee728b)
Start importing Assets/Music pack/1 - Joyful Journey.wav using Guid(6c0daadf9ea964c6a9605ddcf46b5b0e) Importer(815301076,1909f56bfc062723c751e8b465ee728b)  -> (artifact id: '92db7ffb385b535cb5f36c8a7f0a3294') in 0.125868 seconds 
  Import took 0.132949 seconds .

========================================================================
Received Prepare
Registering precompiled user dll's ...
Registered in 0.178364 seconds.
Begin MonoManager ReloadAssembly
Native extension for WindowsStandalone target not found
Refreshing native plugins compatible for Editor in 13.54 ms, found 3 plugins.
Preloading 0 native plugins for Editor in 0.00 ms.
Mono: successfully reloaded assembly
- Completed reload, in 19.472 seconds
Domain Reload Profiling:
	ReloadAssembly (19518ms)
		BeginReloadAssembly (10242ms)
			ExecutionOrderSort (0ms)
			DisableScriptedObjects (1172ms)
			BackupInstance (0ms)
			ReleaseScriptingObjects (10ms)
			CreateAndSetChildDomain (7556ms)
		EndReloadAssembly (8743ms)
			LoadAssemblies (1125ms)
			RebuildTransferFunctionScriptingTraits (22ms)
			SetupTypeCache (3419ms)
			ReleaseScriptCaches (3ms)
			RebuildScriptCaches (146ms)
			SetupLoadedEditorAssemblies (2988ms)
				LogAssemblyErrors (0ms)
				InitializePlatformSupportModulesInManaged (122ms)
				SetLoadedEditorAssemblies (1ms)
				RefreshPlugins (14ms)
				BeforeProcessingInitializeOnLoad (343ms)
				ProcessInitializeOnLoadAttributes (2414ms)
				ProcessInitializeOnLoadMethodAttributes (79ms)
				AfterProcessingInitializeOnLoad (15ms)
				EditorAssembliesLoaded (0ms)
			ExecutionOrderSort2 (0ms)
			AwakeInstancesAfterBackupRestoration (96ms)
Platform modules already initialized, skipping
Switching build target platform(19) subTarget(0) extendedPlatform(0) -> platform(13) subTarget(537395200) extendedPlatform(0)
Refreshing native plugins compatible for Editor in 1.02 ms, found 3 plugins.
Preloading 0 native plugins for Editor in 0.00 ms.
Unloading 2743 Unused Serialized files (Serialized files now loaded: 0)
System memory in use before: 113.6 MB.
System memory in use after: 113.8 MB.

Unloading 22 unused Assets to reduce memory usage. Loaded Objects now: 3229.
Total: 28.292600 ms (FindLiveObjects: 0.447000 ms CreateObjectMapping: 0.416900 ms MarkObjects: 27.387400 ms  DeleteObjects: 0.038600 ms)

AssetImportParameters requested are different than current active one (requested -> active):
  custom:framework-win-MediaFoundation: 216162199b28c13a410421893ffa2e32 -> 
  custom:video-decoder-ogg-theora: a1e56fd34408186e4bbccfd4996cb3dc -> 
  custom:container-muxer-webm: aa71ff27fc2769a1b78a27578f13a17b -> 
  custom:container-demuxer-webm: 4f35f7cbe854078d1ac9338744f61a02 -> 
  custom:container-demuxer-ogg: 62fdf1f143b41e24485cea50d1cbac27 -> 
  custom:video-encoder-webm-vp8: eb34c28f22e8b96e1ab97ce403110664 -> 
  custom:video-decoder-webm-vp8: 9c59270c3fd7afecdb556c50c9e8de78 -> 
  custom:graphics/normal-map-encoding: 01000000000000000000000000000000 -> 02000000000000000000000000000000
  custom:audio-decoder-ogg-vorbis: bf7c407c2cedff20999df2af8eb42d56 -> 
  custom:audio-encoder-webm-vorbis: bf7c407c2cedff20999df2af8eb42d56 -> 
========================================================================
Received Prepare
Registering precompiled user dll's ...
Registered in 0.026221 seconds.
Begin MonoManager ReloadAssembly
Native extension for WindowsStandalone target not found
Refreshing native plugins compatible for Editor in 1.02 ms, found 3 plugins.
Preloading 0 native plugins for Editor in 0.00 ms.
Mono: successfully reloaded assembly
- Completed reload, in  3.341 seconds
Domain Reload Profiling:
	ReloadAssembly (3342ms)
		BeginReloadAssembly (303ms)
			ExecutionOrderSort (0ms)
			DisableScriptedObjects (16ms)
			BackupInstance (0ms)
			ReleaseScriptingObjects (0ms)
			CreateAndSetChildDomain (74ms)
		EndReloadAssembly (2841ms)
			LoadAssemblies (270ms)
			RebuildTransferFunctionScriptingTraits (0ms)
			SetupTypeCache (1064ms)
			ReleaseScriptCaches (3ms)
			RebuildScriptCaches (110ms)
			SetupLoadedEditorAssemblies (951ms)
				LogAssemblyErrors (0ms)
				InitializePlatformSupportModulesInManaged (10ms)
				SetLoadedEditorAssemblies (1ms)
				RefreshPlugins (1ms)
				BeforeProcessingInitializeOnLoad (214ms)
				ProcessInitializeOnLoadAttributes (683ms)
				ProcessInitializeOnLoadMethodAttributes (23ms)
				AfterProcessingInitializeOnLoad (18ms)
				EditorAssembliesLoaded (0ms)
			ExecutionOrderSort2 (0ms)
			AwakeInstancesAfterBackupRestoration (18ms)
Platform modules already initialized, skipping
Switching build target platform(19) subTarget(0) extendedPlatform(0) -> platform(13) subTarget(537395200) extendedPlatform(0)
Refreshing native plugins compatible for Editor in 1.90 ms, found 3 plugins.
Preloading 0 native plugins for Editor in 0.00 ms.
Unloading 2743 Unused Serialized files (Serialized files now loaded: 0)
System memory in use before: 113.6 MB.
System memory in use after: 113.8 MB.

Unloading 22 unused Assets to reduce memory usage. Loaded Objects now: 3231.
Total: 13.285800 ms (FindLiveObjects: 1.381600 ms CreateObjectMapping: 0.432400 ms MarkObjects: 11.296000 ms  DeleteObjects: 0.164200 ms)

AssetImportParameters requested are different than current active one (requested -> active):
  custom:framework-win-MediaFoundation: 216162199b28c13a410421893ffa2e32 -> 
  custom:video-decoder-ogg-theora: a1e56fd34408186e4bbccfd4996cb3dc -> 
  custom:container-muxer-webm: aa71ff27fc2769a1b78a27578f13a17b -> 
  custom:container-demuxer-webm: 4f35f7cbe854078d1ac9338744f61a02 -> 
  custom:container-demuxer-ogg: 62fdf1f143b41e24485cea50d1cbac27 -> 
  custom:video-encoder-webm-vp8: eb34c28f22e8b96e1ab97ce403110664 -> 
  custom:video-decoder-webm-vp8: 9c59270c3fd7afecdb556c50c9e8de78 -> 
  custom:graphics/normal-map-encoding: 01000000000000000000000000000000 -> 02000000000000000000000000000000
  custom:audio-decoder-ogg-vorbis: bf7c407c2cedff20999df2af8eb42d56 -> 
  custom:audio-encoder-webm-vorbis: bf7c407c2cedff20999df2af8eb42d56 -> 
========================================================================
Received Prepare
Registering precompiled user dll's ...
Registered in 0.017222 seconds.
Begin MonoManager ReloadAssembly
Native extension for WindowsStandalone target not found
Refreshing native plugins compatible for Editor in 1.11 ms, found 3 plugins.
Preloading 0 native plugins for Editor in 0.00 ms.
Mono: successfully reloaded assembly
- Completed reload, in  2.815 seconds
Domain Reload Profiling:
	ReloadAssembly (2816ms)
		BeginReloadAssembly (310ms)
			ExecutionOrderSort (0ms)
			DisableScriptedObjects (11ms)
			BackupInstance (0ms)
			ReleaseScriptingObjects (0ms)
			CreateAndSetChildDomain (133ms)
		EndReloadAssembly (2384ms)
			LoadAssemblies (336ms)
			RebuildTransferFunctionScriptingTraits (0ms)
			SetupTypeCache (669ms)
			ReleaseScriptCaches (2ms)
			RebuildScriptCaches (80ms)
			SetupLoadedEditorAssemblies (984ms)
				LogAssemblyErrors (0ms)
				InitializePlatformSupportModulesInManaged (9ms)
				SetLoadedEditorAssemblies (2ms)
				RefreshPlugins (1ms)
				BeforeProcessingInitializeOnLoad (131ms)
				ProcessInitializeOnLoadAttributes (805ms)
				ProcessInitializeOnLoadMethodAttributes (24ms)
				AfterProcessingInitializeOnLoad (13ms)
				EditorAssembliesLoaded (0ms)
			ExecutionOrderSort2 (0ms)
			AwakeInstancesAfterBackupRestoration (17ms)
Platform modules already initialized, skipping
Switching build target platform(19) subTarget(0) extendedPlatform(0) -> platform(13) subTarget(537395200) extendedPlatform(0)
Refreshing native plugins compatible for Editor in 0.91 ms, found 3 plugins.
Preloading 0 native plugins for Editor in 0.00 ms.
Unloading 2743 Unused Serialized files (Serialized files now loaded: 0)
System memory in use before: 113.6 MB.
System memory in use after: 113.8 MB.

Unloading 22 unused Assets to reduce memory usage. Loaded Objects now: 3233.
Total: 6.633000 ms (FindLiveObjects: 0.405300 ms CreateObjectMapping: 0.275000 ms MarkObjects: 5.903800 ms  DeleteObjects: 0.046100 ms)

AssetImportParameters requested are different than current active one (requested -> active):
  custom:framework-win-MediaFoundation: 216162199b28c13a410421893ffa2e32 -> 
  custom:video-decoder-ogg-theora: a1e56fd34408186e4bbccfd4996cb3dc -> 
  custom:container-muxer-webm: aa71ff27fc2769a1b78a27578f13a17b -> 
  custom:container-demuxer-webm: 4f35f7cbe854078d1ac9338744f61a02 -> 
  custom:container-demuxer-ogg: 62fdf1f143b41e24485cea50d1cbac27 -> 
  custom:video-encoder-webm-vp8: eb34c28f22e8b96e1ab97ce403110664 -> 
  custom:video-decoder-webm-vp8: 9c59270c3fd7afecdb556c50c9e8de78 -> 
  custom:graphics/normal-map-encoding: 01000000000000000000000000000000 -> 02000000000000000000000000000000
  custom:audio-decoder-ogg-vorbis: bf7c407c2cedff20999df2af8eb42d56 -> 
  custom:audio-encoder-webm-vorbis: bf7c407c2cedff20999df2af8eb42d56 -> 
========================================================================
Received Prepare
Registering precompiled user dll's ...
Registered in 0.962761 seconds.
Begin MonoManager ReloadAssembly
Native extension for WindowsStandalone target not found
Refreshing native plugins compatible for Editor in 0.86 ms, found 3 plugins.
Preloading 0 native plugins for Editor in 0.00 ms.
Mono: successfully reloaded assembly
- Completed reload, in  3.601 seconds
Domain Reload Profiling:
	ReloadAssembly (3602ms)
		BeginReloadAssembly (316ms)
			ExecutionOrderSort (0ms)
			DisableScriptedObjects (10ms)
			BackupInstance (0ms)
			ReleaseScriptingObjects (0ms)
			CreateAndSetChildDomain (60ms)
		EndReloadAssembly (3084ms)
			LoadAssemblies (463ms)
			RebuildTransferFunctionScriptingTraits (0ms)
			SetupTypeCache (1042ms)
			ReleaseScriptCaches (2ms)
			RebuildScriptCaches (88ms)
			SetupLoadedEditorAssemblies (837ms)
				LogAssemblyErrors (0ms)
				InitializePlatformSupportModulesInManaged (13ms)
				SetLoadedEditorAssemblies (1ms)
				RefreshPlugins (1ms)
				BeforeProcessingInitializeOnLoad (130ms)
				ProcessInitializeOnLoadAttributes (583ms)
				ProcessInitializeOnLoadMethodAttributes (98ms)
				AfterProcessingInitializeOnLoad (12ms)
				EditorAssembliesLoaded (0ms)
			ExecutionOrderSort2 (0ms)
			AwakeInstancesAfterBackupRestoration (18ms)
Platform modules already initialized, skipping
Switching build target platform(19) subTarget(0) extendedPlatform(0) -> platform(13) subTarget(537395200) extendedPlatform(0)
Refreshing native plugins compatible for Editor in 0.90 ms, found 3 plugins.
Preloading 0 native plugins for Editor in 0.00 ms.
Unloading 2743 Unused Serialized files (Serialized files now loaded: 0)
System memory in use before: 113.7 MB.
System memory in use after: 113.9 MB.

Unloading 22 unused Assets to reduce memory usage. Loaded Objects now: 3235.
Total: 9.452900 ms (FindLiveObjects: 0.718500 ms CreateObjectMapping: 0.916600 ms MarkObjects: 7.755200 ms  DeleteObjects: 0.058700 ms)

AssetImportParameters requested are different than current active one (requested -> active):
  custom:framework-win-MediaFoundation: 216162199b28c13a410421893ffa2e32 -> 
  custom:video-decoder-ogg-theora: a1e56fd34408186e4bbccfd4996cb3dc -> 
  custom:container-muxer-webm: aa71ff27fc2769a1b78a27578f13a17b -> 
  custom:container-demuxer-webm: 4f35f7cbe854078d1ac9338744f61a02 -> 
  custom:container-demuxer-ogg: 62fdf1f143b41e24485cea50d1cbac27 -> 
  custom:video-encoder-webm-vp8: eb34c28f22e8b96e1ab97ce403110664 -> 
  custom:video-decoder-webm-vp8: 9c59270c3fd7afecdb556c50c9e8de78 -> 
  custom:graphics/normal-map-encoding: 01000000000000000000000000000000 -> 02000000000000000000000000000000
  custom:audio-decoder-ogg-vorbis: bf7c407c2cedff20999df2af8eb42d56 -> 
  custom:audio-encoder-webm-vorbis: bf7c407c2cedff20999df2af8eb42d56 -> 
